[0.213s] DEBUG:colcon:Command line arguments: ['/usr/bin/colcon', 'build']
[0.213s] DEBUG:colcon:Parsed command line arguments: Namespace(log_base=None, log_level=None, verb_name='build', build_base='build', install_base='install', merge_install=False, symlink_install=False, test_result_base=None, continue_on_error=False, executor='parallel', parallel_workers=4, event_handlers=None, ignore_user_meta=False, metas=['./colcon.meta'], base_paths=['.'], packages_ignore=None, packages_ignore_regex=None, paths=None, packages_up_to=None, packages_up_to_regex=None, packages_above=None, packages_above_and_dependencies=None, packages_above_depth=None, packages_select_by_dep=None, packages_skip_by_dep=None, packages_skip_up_to=None, packages_select_build_failed=False, packages_skip_build_finished=False, packages_select_test_failures=False, packages_skip_test_passed=False, packages_select=None, packages_skip=None, packages_select_regex=None, packages_skip_regex=None, packages_start=None, packages_end=None, allow_overriding=[], cmake_args=None, cmake_target=None, cmake_target_skip_unavailable=False, cmake_clean_cache=False, cmake_clean_first=False, cmake_force_configure=False, ament_cmake_args=None, catkin_cmake_args=None, catkin_skip_building_tests=False, verb_parser=<colcon_defaults.argument_parser.defaults.DefaultArgumentsDecorator object at 0x7f1525864c70>, verb_extension=<colcon_core.verb.build.BuildVerb object at 0x7f15258646a0>, main=<bound method BuildVerb.main of <colcon_core.verb.build.BuildVerb object at 0x7f15258646a0>>)
[0.630s] Level 1:colcon.colcon_core.package_discovery:discover_packages(colcon_meta) check parameters
[0.630s] Level 1:colcon.colcon_core.package_discovery:discover_packages(recursive) check parameters
[0.630s] Level 1:colcon.colcon_core.package_discovery:discover_packages(ignore) check parameters
[0.630s] Level 1:colcon.colcon_core.package_discovery:discover_packages(path) check parameters
[0.630s] Level 1:colcon.colcon_core.package_discovery:discover_packages(colcon_meta) discover
[0.630s] Level 1:colcon.colcon_core.package_discovery:discover_packages(recursive) discover
[0.630s] INFO:colcon.colcon_core.package_discovery:Crawling recursively for packages in '/opt/2026_product/family_robot_ws'
[0.630s] Level 1:colcon.colcon_core.package_identification:_identify(.) by extensions ['ignore', 'ignore_ament_install']
[0.630s] Level 1:colcon.colcon_core.package_identification:_identify(.) by extension 'ignore'
[0.631s] Level 1:colcon.colcon_core.package_identification:_identify(.) by extension 'ignore_ament_install'
[0.631s] Level 1:colcon.colcon_core.package_identification:_identify(.) by extensions ['colcon_pkg']
[0.631s] Level 1:colcon.colcon_core.package_identification:_identify(.) by extension 'colcon_pkg'
[0.631s] Level 1:colcon.colcon_core.package_identification:_identify(.) by extensions ['colcon_meta']
[0.631s] Level 1:colcon.colcon_core.package_identification:_identify(.) by extension 'colcon_meta'
[0.631s] Level 1:colcon.colcon_core.package_identification:_identify(.) by extensions ['ros']
[0.631s] Level 1:colcon.colcon_core.package_identification:_identify(.) by extension 'ros'
[0.650s] Level 1:colcon.colcon_core.package_identification:_identify(.) by extensions ['cmake', 'python']
[0.650s] Level 1:colcon.colcon_core.package_identification:_identify(.) by extension 'cmake'
[0.650s] Level 1:colcon.colcon_core.package_identification:_identify(.) by extension 'python'
[0.650s] Level 1:colcon.colcon_core.package_identification:_identify(.) by extensions ['python_setup_py']
[0.650s] Level 1:colcon.colcon_core.package_identification:_identify(.) by extension 'python_setup_py'
[0.650s] Level 1:colcon.colcon_core.package_identification:_identify(build) by extensions ['ignore', 'ignore_ament_install']
[0.650s] Level 1:colcon.colcon_core.package_identification:_identify(build) by extension 'ignore'
[0.650s] Level 1:colcon.colcon_core.package_identification:_identify(build) ignored
[0.651s] Level 1:colcon.colcon_core.package_identification:_identify(install) by extensions ['ignore', 'ignore_ament_install']
[0.651s] Level 1:colcon.colcon_core.package_identification:_identify(install) by extension 'ignore'
[0.651s] Level 1:colcon.colcon_core.package_identification:_identify(install) ignored
[0.651s] Level 1:colcon.colcon_core.package_identification:_identify(log) by extensions ['ignore', 'ignore_ament_install']
[0.651s] Level 1:colcon.colcon_core.package_identification:_identify(log) by extension 'ignore'
[0.651s] Level 1:colcon.colcon_core.package_identification:_identify(log) ignored
[0.652s] Level 1:colcon.colcon_core.package_identification:_identify(src) by extensions ['ignore', 'ignore_ament_install']
[0.652s] Level 1:colcon.colcon_core.package_identification:_identify(src) by extension 'ignore'
[0.652s] Level 1:colcon.colcon_core.package_identification:_identify(src) by extension 'ignore_ament_install'
[0.652s] Level 1:colcon.colcon_core.package_identification:_identify(src) by extensions ['colcon_pkg']
[0.652s] Level 1:colcon.colcon_core.package_identification:_identify(src) by extension 'colcon_pkg'
[0.652s] Level 1:colcon.colcon_core.package_identification:_identify(src) by extensions ['colcon_meta']
[0.652s] Level 1:colcon.colcon_core.package_identification:_identify(src) by extension 'colcon_meta'
[0.652s] Level 1:colcon.colcon_core.package_identification:_identify(src) by extensions ['ros']
[0.652s] Level 1:colcon.colcon_core.package_identification:_identify(src) by extension 'ros'
[0.652s] Level 1:colcon.colcon_core.package_identification:_identify(src) by extensions ['cmake', 'python']
[0.653s] Level 1:colcon.colcon_core.package_identification:_identify(src) by extension 'cmake'
[0.653s] Level 1:colcon.colcon_core.package_identification:_identify(src) by extension 'python'
[0.653s] Level 1:colcon.colcon_core.package_identification:_identify(src) by extensions ['python_setup_py']
[0.653s] Level 1:colcon.colcon_core.package_identification:_identify(src) by extension 'python_setup_py'
[0.653s] Level 1:colcon.colcon_core.package_identification:_identify(src/family_robot_head) by extensions ['ignore', 'ignore_ament_install']
[0.653s] Level 1:colcon.colcon_core.package_identification:_identify(src/family_robot_head) by extension 'ignore'
[0.653s] Level 1:colcon.colcon_core.package_identification:_identify(src/family_robot_head) by extension 'ignore_ament_install'
[0.653s] Level 1:colcon.colcon_core.package_identification:_identify(src/family_robot_head) by extensions ['colcon_pkg']
[0.653s] Level 1:colcon.colcon_core.package_identification:_identify(src/family_robot_head) by extension 'colcon_pkg'
[0.654s] Level 1:colcon.colcon_core.package_identification:_identify(src/family_robot_head) by extensions ['colcon_meta']
[0.654s] Level 1:colcon.colcon_core.package_identification:_identify(src/family_robot_head) by extension 'colcon_meta'
[0.654s] Level 1:colcon.colcon_core.package_identification:_identify(src/family_robot_head) by extensions ['ros']
[0.654s] Level 1:colcon.colcon_core.package_identification:_identify(src/family_robot_head) by extension 'ros'
[0.658s] DEBUG:colcon.colcon_core.package_identification:Package 'src/family_robot_head' with type 'ros.ament_cmake' and name 'family_robot_head'
[0.658s] Level 1:colcon.colcon_core.package_identification:_identify(src/laofu_message) by extensions ['ignore', 'ignore_ament_install']
[0.659s] Level 1:colcon.colcon_core.package_identification:_identify(src/laofu_message) by extension 'ignore'
[0.659s] Level 1:colcon.colcon_core.package_identification:_identify(src/laofu_message) by extension 'ignore_ament_install'
[0.659s] Level 1:colcon.colcon_core.package_identification:_identify(src/laofu_message) by extensions ['colcon_pkg']
[0.659s] Level 1:colcon.colcon_core.package_identification:_identify(src/laofu_message) by extension 'colcon_pkg'
[0.659s] Level 1:colcon.colcon_core.package_identification:_identify(src/laofu_message) by extensions ['colcon_meta']
[0.659s] Level 1:colcon.colcon_core.package_identification:_identify(src/laofu_message) by extension 'colcon_meta'
[0.659s] Level 1:colcon.colcon_core.package_identification:_identify(src/laofu_message) by extensions ['ros']
[0.659s] Level 1:colcon.colcon_core.package_identification:_identify(src/laofu_message) by extension 'ros'
[0.659s] Level 1:colcon.colcon_core.package_identification:_identify(src/laofu_message) by extensions ['cmake', 'python']
[0.659s] Level 1:colcon.colcon_core.package_identification:_identify(src/laofu_message) by extension 'cmake'
[0.660s] Level 1:colcon.colcon_core.package_identification:_identify(src/laofu_message) by extension 'python'
[0.660s] Level 1:colcon.colcon_core.package_identification:_identify(src/laofu_message) by extensions ['python_setup_py']
[0.660s] Level 1:colcon.colcon_core.package_identification:_identify(src/laofu_message) by extension 'python_setup_py'
[0.660s] Level 1:colcon.colcon_core.package_identification:_identify(src/laofu_message/stock_monitor_node) by extensions ['ignore', 'ignore_ament_install']
[0.660s] Level 1:colcon.colcon_core.package_identification:_identify(src/laofu_message/stock_monitor_node) by extension 'ignore'
[0.660s] Level 1:colcon.colcon_core.package_identification:_identify(src/laofu_message/stock_monitor_node) by extension 'ignore_ament_install'
[0.660s] Level 1:colcon.colcon_core.package_identification:_identify(src/laofu_message/stock_monitor_node) by extensions ['colcon_pkg']
[0.660s] Level 1:colcon.colcon_core.package_identification:_identify(src/laofu_message/stock_monitor_node) by extension 'colcon_pkg'
[0.661s] Level 1:colcon.colcon_core.package_identification:_identify(src/laofu_message/stock_monitor_node) by extensions ['colcon_meta']
[0.661s] Level 1:colcon.colcon_core.package_identification:_identify(src/laofu_message/stock_monitor_node) by extension 'colcon_meta'
[0.661s] Level 1:colcon.colcon_core.package_identification:_identify(src/laofu_message/stock_monitor_node) by extensions ['ros']
[0.661s] Level 1:colcon.colcon_core.package_identification:_identify(src/laofu_message/stock_monitor_node) by extension 'ros'
[0.662s] DEBUG:colcon.colcon_core.package_identification:Package 'src/laofu_message/stock_monitor_node' with type 'ros.ament_python' and name 'stock_monitor_node'
[0.662s] Level 1:colcon.colcon_core.package_identification:_identify(src/laofu_message/web_wenxun_sender_node) by extensions ['ignore', 'ignore_ament_install']
[0.662s] Level 1:colcon.colcon_core.package_identification:_identify(src/laofu_message/web_wenxun_sender_node) by extension 'ignore'
[0.662s] Level 1:colcon.colcon_core.package_identification:_identify(src/laofu_message/web_wenxun_sender_node) by extension 'ignore_ament_install'
[0.662s] Level 1:colcon.colcon_core.package_identification:_identify(src/laofu_message/web_wenxun_sender_node) by extensions ['colcon_pkg']
[0.663s] Level 1:colcon.colcon_core.package_identification:_identify(src/laofu_message/web_wenxun_sender_node) by extension 'colcon_pkg'
[0.663s] Level 1:colcon.colcon_core.package_identification:_identify(src/laofu_message/web_wenxun_sender_node) by extensions ['colcon_meta']
[0.663s] Level 1:colcon.colcon_core.package_identification:_identify(src/laofu_message/web_wenxun_sender_node) by extension 'colcon_meta'
[0.663s] Level 1:colcon.colcon_core.package_identification:_identify(src/laofu_message/web_wenxun_sender_node) by extensions ['ros']
[0.663s] Level 1:colcon.colcon_core.package_identification:_identify(src/laofu_message/web_wenxun_sender_node) by extension 'ros'
[0.665s] DEBUG:colcon.colcon_core.package_identification:Package 'src/laofu_message/web_wenxun_sender_node' with type 'ros.ament_python' and name 'web_wenxun_sender_node'
[0.665s] Level 1:colcon.colcon_core.package_identification:_identify(src/laofu_message/wechat_interfaces) by extensions ['ignore', 'ignore_ament_install']
[0.666s] Level 1:colcon.colcon_core.package_identification:_identify(src/laofu_message/wechat_interfaces) by extension 'ignore'
[0.666s] Level 1:colcon.colcon_core.package_identification:_identify(src/laofu_message/wechat_interfaces) by extension 'ignore_ament_install'
[0.666s] Level 1:colcon.colcon_core.package_identification:_identify(src/laofu_message/wechat_interfaces) by extensions ['colcon_pkg']
[0.666s] Level 1:colcon.colcon_core.package_identification:_identify(src/laofu_message/wechat_interfaces) by extension 'colcon_pkg'
[0.666s] Level 1:colcon.colcon_core.package_identification:_identify(src/laofu_message/wechat_interfaces) by extensions ['colcon_meta']
[0.666s] Level 1:colcon.colcon_core.package_identification:_identify(src/laofu_message/wechat_interfaces) by extension 'colcon_meta'
[0.666s] Level 1:colcon.colcon_core.package_identification:_identify(src/laofu_message/wechat_interfaces) by extensions ['ros']
[0.666s] Level 1:colcon.colcon_core.package_identification:_identify(src/laofu_message/wechat_interfaces) by extension 'ros'
[0.667s] DEBUG:colcon.colcon_core.package_identification:Package 'src/laofu_message/wechat_interfaces' with type 'ros.ament_cmake' and name 'wechat_interfaces'
[0.667s] Level 1:colcon.colcon_core.package_identification:_identify(src/video_face_move) by extensions ['ignore', 'ignore_ament_install']
[0.668s] Level 1:colcon.colcon_core.package_identification:_identify(src/video_face_move) by extension 'ignore'
[0.668s] Level 1:colcon.colcon_core.package_identification:_identify(src/video_face_move) by extension 'ignore_ament_install'
[0.668s] Level 1:colcon.colcon_core.package_identification:_identify(src/video_face_move) by extensions ['colcon_pkg']
[0.668s] Level 1:colcon.colcon_core.package_identification:_identify(src/video_face_move) by extension 'colcon_pkg'
[0.668s] Level 1:colcon.colcon_core.package_identification:_identify(src/video_face_move) by extensions ['colcon_meta']
[0.668s] Level 1:colcon.colcon_core.package_identification:_identify(src/video_face_move) by extension 'colcon_meta'
[0.668s] Level 1:colcon.colcon_core.package_identification:_identify(src/video_face_move) by extensions ['ros']
[0.668s] Level 1:colcon.colcon_core.package_identification:_identify(src/video_face_move) by extension 'ros'
[0.668s] Level 1:colcon.colcon_core.package_identification:_identify(src/video_face_move) by extensions ['cmake', 'python']
[0.669s] Level 1:colcon.colcon_core.package_identification:_identify(src/video_face_move) by extension 'cmake'
[0.669s] Level 1:colcon.colcon_core.package_identification:_identify(src/video_face_move) by extension 'python'
[0.669s] Level 1:colcon.colcon_core.package_identification:_identify(src/video_face_move) by extensions ['python_setup_py']
[0.669s] Level 1:colcon.colcon_core.package_identification:_identify(src/video_face_move) by extension 'python_setup_py'
[0.669s] Level 1:colcon.colcon_core.package_identification:_identify(src/video_face_move/camera_data) by extensions ['ignore', 'ignore_ament_install']
[0.669s] Level 1:colcon.colcon_core.package_identification:_identify(src/video_face_move/camera_data) by extension 'ignore'
[0.669s] Level 1:colcon.colcon_core.package_identification:_identify(src/video_face_move/camera_data) by extension 'ignore_ament_install'
[0.669s] Level 1:colcon.colcon_core.package_identification:_identify(src/video_face_move/camera_data) by extensions ['colcon_pkg']
[0.669s] Level 1:colcon.colcon_core.package_identification:_identify(src/video_face_move/camera_data) by extension 'colcon_pkg'
[0.670s] Level 1:colcon.colcon_core.package_identification:_identify(src/video_face_move/camera_data) by extensions ['colcon_meta']
[0.670s] Level 1:colcon.colcon_core.package_identification:_identify(src/video_face_move/camera_data) by extension 'colcon_meta'
[0.670s] Level 1:colcon.colcon_core.package_identification:_identify(src/video_face_move/camera_data) by extensions ['ros']
[0.670s] Level 1:colcon.colcon_core.package_identification:_identify(src/video_face_move/camera_data) by extension 'ros'
[0.670s] Level 1:colcon.colcon_core.package_identification:_identify(src/video_face_move/camera_data) by extensions ['cmake', 'python']
[0.670s] Level 1:colcon.colcon_core.package_identification:_identify(src/video_face_move/camera_data) by extension 'cmake'
[0.670s] Level 1:colcon.colcon_core.package_identification:_identify(src/video_face_move/camera_data) by extension 'python'
[0.670s] Level 1:colcon.colcon_core.package_identification:_identify(src/video_face_move/camera_data) by extensions ['python_setup_py']
[0.670s] Level 1:colcon.colcon_core.package_identification:_identify(src/video_face_move/camera_data) by extension 'python_setup_py'
[0.671s] Level 1:colcon.colcon_core.package_identification:_identify(src/video_face_move/config) by extensions ['ignore', 'ignore_ament_install']
[0.671s] Level 1:colcon.colcon_core.package_identification:_identify(src/video_face_move/config) by extension 'ignore'
[0.671s] Level 1:colcon.colcon_core.package_identification:_identify(src/video_face_move/config) by extension 'ignore_ament_install'
[0.671s] Level 1:colcon.colcon_core.package_identification:_identify(src/video_face_move/config) by extensions ['colcon_pkg']
[0.671s] Level 1:colcon.colcon_core.package_identification:_identify(src/video_face_move/config) by extension 'colcon_pkg'
[0.671s] Level 1:colcon.colcon_core.package_identification:_identify(src/video_face_move/config) by extensions ['colcon_meta']
[0.671s] Level 1:colcon.colcon_core.package_identification:_identify(src/video_face_move/config) by extension 'colcon_meta'
[0.671s] Level 1:colcon.colcon_core.package_identification:_identify(src/video_face_move/config) by extensions ['ros']
[0.671s] Level 1:colcon.colcon_core.package_identification:_identify(src/video_face_move/config) by extension 'ros'
[0.672s] Level 1:colcon.colcon_core.package_identification:_identify(src/video_face_move/config) by extensions ['cmake', 'python']
[0.672s] Level 1:colcon.colcon_core.package_identification:_identify(src/video_face_move/config) by extension 'cmake'
[0.672s] Level 1:colcon.colcon_core.package_identification:_identify(src/video_face_move/config) by extension 'python'
[0.672s] Level 1:colcon.colcon_core.package_identification:_identify(src/video_face_move/config) by extensions ['python_setup_py']
[0.672s] Level 1:colcon.colcon_core.package_identification:_identify(src/video_face_move/config) by extension 'python_setup_py'
[0.672s] Level 1:colcon.colcon_core.package_identification:_identify(src/video_face_move/face_data) by extensions ['ignore', 'ignore_ament_install']
[0.672s] Level 1:colcon.colcon_core.package_identification:_identify(src/video_face_move/face_data) by extension 'ignore'
[0.672s] Level 1:colcon.colcon_core.package_identification:_identify(src/video_face_move/face_data) by extension 'ignore_ament_install'
[0.673s] Level 1:colcon.colcon_core.package_identification:_identify(src/video_face_move/face_data) by extensions ['colcon_pkg']
[0.673s] Level 1:colcon.colcon_core.package_identification:_identify(src/video_face_move/face_data) by extension 'colcon_pkg'
[0.673s] Level 1:colcon.colcon_core.package_identification:_identify(src/video_face_move/face_data) by extensions ['colcon_meta']
[0.673s] Level 1:colcon.colcon_core.package_identification:_identify(src/video_face_move/face_data) by extension 'colcon_meta'
[0.673s] Level 1:colcon.colcon_core.package_identification:_identify(src/video_face_move/face_data) by extensions ['ros']
[0.673s] Level 1:colcon.colcon_core.package_identification:_identify(src/video_face_move/face_data) by extension 'ros'
[0.673s] Level 1:colcon.colcon_core.package_identification:_identify(src/video_face_move/face_data) by extensions ['cmake', 'python']
[0.673s] Level 1:colcon.colcon_core.package_identification:_identify(src/video_face_move/face_data) by extension 'cmake'
[0.673s] Level 1:colcon.colcon_core.package_identification:_identify(src/video_face_move/face_data) by extension 'python'
[0.673s] Level 1:colcon.colcon_core.package_identification:_identify(src/video_face_move/face_data) by extensions ['python_setup_py']
[0.674s] Level 1:colcon.colcon_core.package_identification:_identify(src/video_face_move/face_data) by extension 'python_setup_py'
[0.674s] Level 1:colcon.colcon_core.package_identification:_identify(src/video_face_move/learn_compose) by extensions ['ignore', 'ignore_ament_install']
[0.674s] Level 1:colcon.colcon_core.package_identification:_identify(src/video_face_move/learn_compose) by extension 'ignore'
[0.674s] Level 1:colcon.colcon_core.package_identification:_identify(src/video_face_move/learn_compose) by extension 'ignore_ament_install'
[0.674s] Level 1:colcon.colcon_core.package_identification:_identify(src/video_face_move/learn_compose) by extensions ['colcon_pkg']
[0.674s] Level 1:colcon.colcon_core.package_identification:_identify(src/video_face_move/learn_compose) by extension 'colcon_pkg'
[0.674s] Level 1:colcon.colcon_core.package_identification:_identify(src/video_face_move/learn_compose) by extensions ['colcon_meta']
[0.674s] Level 1:colcon.colcon_core.package_identification:_identify(src/video_face_move/learn_compose) by extension 'colcon_meta'
[0.675s] Level 1:colcon.colcon_core.package_identification:_identify(src/video_face_move/learn_compose) by extensions ['ros']
[0.675s] Level 1:colcon.colcon_core.package_identification:_identify(src/video_face_move/learn_compose) by extension 'ros'
[0.675s] DEBUG:colcon.colcon_core.package_identification:Package 'src/video_face_move/learn_compose' with type 'ros.ament_cmake' and name 'learn_compose'
[0.676s] Level 1:colcon.colcon_core.package_identification:_identify(src/video_face_move/motion_img) by extensions ['ignore', 'ignore_ament_install']
[0.676s] Level 1:colcon.colcon_core.package_identification:_identify(src/video_face_move/motion_img) by extension 'ignore'
[0.676s] Level 1:colcon.colcon_core.package_identification:_identify(src/video_face_move/motion_img) by extension 'ignore_ament_install'
[0.676s] Level 1:colcon.colcon_core.package_identification:_identify(src/video_face_move/motion_img) by extensions ['colcon_pkg']
[0.676s] Level 1:colcon.colcon_core.package_identification:_identify(src/video_face_move/motion_img) by extension 'colcon_pkg'
[0.676s] Level 1:colcon.colcon_core.package_identification:_identify(src/video_face_move/motion_img) by extensions ['colcon_meta']
[0.676s] Level 1:colcon.colcon_core.package_identification:_identify(src/video_face_move/motion_img) by extension 'colcon_meta'
[0.676s] Level 1:colcon.colcon_core.package_identification:_identify(src/video_face_move/motion_img) by extensions ['ros']
[0.676s] Level 1:colcon.colcon_core.package_identification:_identify(src/video_face_move/motion_img) by extension 'ros'
[0.677s] Level 1:colcon.colcon_core.package_identification:_identify(src/video_face_move/motion_img) by extensions ['cmake', 'python']
[0.677s] Level 1:colcon.colcon_core.package_identification:_identify(src/video_face_move/motion_img) by extension 'cmake'
[0.677s] Level 1:colcon.colcon_core.package_identification:_identify(src/video_face_move/motion_img) by extension 'python'
[0.677s] Level 1:colcon.colcon_core.package_identification:_identify(src/video_face_move/motion_img) by extensions ['python_setup_py']
[0.677s] Level 1:colcon.colcon_core.package_identification:_identify(src/video_face_move/motion_img) by extension 'python_setup_py'
[0.677s] Level 1:colcon.colcon_core.package_identification:_identify(src/yolov8_ros2) by extensions ['ignore', 'ignore_ament_install']
[0.677s] Level 1:colcon.colcon_core.package_identification:_identify(src/yolov8_ros2) by extension 'ignore'
[0.677s] Level 1:colcon.colcon_core.package_identification:_identify(src/yolov8_ros2) by extension 'ignore_ament_install'
[0.678s] Level 1:colcon.colcon_core.package_identification:_identify(src/yolov8_ros2) by extensions ['colcon_pkg']
[0.678s] Level 1:colcon.colcon_core.package_identification:_identify(src/yolov8_ros2) by extension 'colcon_pkg'
[0.678s] Level 1:colcon.colcon_core.package_identification:_identify(src/yolov8_ros2) by extensions ['colcon_meta']
[0.678s] Level 1:colcon.colcon_core.package_identification:_identify(src/yolov8_ros2) by extension 'colcon_meta'
[0.678s] Level 1:colcon.colcon_core.package_identification:_identify(src/yolov8_ros2) by extensions ['ros']
[0.678s] Level 1:colcon.colcon_core.package_identification:_identify(src/yolov8_ros2) by extension 'ros'
[0.679s] DEBUG:colcon.colcon_core.package_identification:Package 'src/yolov8_ros2' with type 'ros.ament_python' and name 'yolov8_ros2'
[0.679s] Level 1:colcon.colcon_core.package_discovery:discover_packages(recursive) using defaults
[0.680s] Level 1:colcon.colcon_core.package_discovery:discover_packages(ignore) discover
[0.680s] Level 1:colcon.colcon_core.package_discovery:discover_packages(ignore) using defaults
[0.680s] Level 1:colcon.colcon_core.package_discovery:discover_packages(path) discover
[0.680s] Level 1:colcon.colcon_core.package_discovery:discover_packages(path) using defaults
[0.713s] Level 1:colcon.colcon_core.package_discovery:discover_packages(prefix_path) check parameters
[0.713s] Level 1:colcon.colcon_core.package_discovery:discover_packages(prefix_path) discover
[0.718s] DEBUG:colcon.colcon_installed_package_information.package_discovery:Found 273 installed packages in /opt/ros/humble
[0.721s] Level 1:colcon.colcon_core.package_discovery:discover_packages(prefix_path) using defaults
[0.803s] Level 5:colcon.colcon_core.verb:set package 'family_robot_head' build argument 'cmake_args' from command line to 'None'
[0.803s] Level 5:colcon.colcon_core.verb:set package 'family_robot_head' build argument 'cmake_target' from command line to 'None'
[0.803s] Level 5:colcon.colcon_core.verb:set package 'family_robot_head' build argument 'cmake_target_skip_unavailable' from command line to 'False'
[0.803s] Level 5:colcon.colcon_core.verb:set package 'family_robot_head' build argument 'cmake_clean_cache' from command line to 'False'
[0.803s] Level 5:colcon.colcon_core.verb:set package 'family_robot_head' build argument 'cmake_clean_first' from command line to 'False'
[0.803s] Level 5:colcon.colcon_core.verb:set package 'family_robot_head' build argument 'cmake_force_configure' from command line to 'False'
[0.803s] Level 5:colcon.colcon_core.verb:set package 'family_robot_head' build argument 'ament_cmake_args' from command line to 'None'
[0.803s] Level 5:colcon.colcon_core.verb:set package 'family_robot_head' build argument 'catkin_cmake_args' from command line to 'None'
[0.803s] Level 5:colcon.colcon_core.verb:set package 'family_robot_head' build argument 'catkin_skip_building_tests' from command line to 'False'
[0.803s] DEBUG:colcon.colcon_core.verb:Building package 'family_robot_head' with the following arguments: {'ament_cmake_args': None, 'build_base': '/opt/2026_product/family_robot_ws/build/family_robot_head', 'catkin_cmake_args': None, 'catkin_skip_building_tests': False, 'cmake_args': None, 'cmake_clean_cache': False, 'cmake_clean_first': False, 'cmake_force_configure': False, 'cmake_target': None, 'cmake_target_skip_unavailable': False, 'install_base': '/opt/2026_product/family_robot_ws/install/family_robot_head', 'merge_install': False, 'path': '/opt/2026_product/family_robot_ws/src/family_robot_head', 'symlink_install': False, 'test_result_base': None}
[0.804s] Level 5:colcon.colcon_core.verb:set package 'learn_compose' build argument 'cmake_args' from command line to 'None'
[0.804s] Level 5:colcon.colcon_core.verb:set package 'learn_compose' build argument 'cmake_target' from command line to 'None'
[0.804s] Level 5:colcon.colcon_core.verb:set package 'learn_compose' build argument 'cmake_target_skip_unavailable' from command line to 'False'
[0.804s] Level 5:colcon.colcon_core.verb:set package 'learn_compose' build argument 'cmake_clean_cache' from command line to 'False'
[0.804s] Level 5:colcon.colcon_core.verb:set package 'learn_compose' build argument 'cmake_clean_first' from command line to 'False'
[0.804s] Level 5:colcon.colcon_core.verb:set package 'learn_compose' build argument 'cmake_force_configure' from command line to 'False'
[0.804s] Level 5:colcon.colcon_core.verb:set package 'learn_compose' build argument 'ament_cmake_args' from command line to 'None'
[0.804s] Level 5:colcon.colcon_core.verb:set package 'learn_compose' build argument 'catkin_cmake_args' from command line to 'None'
[0.805s] Level 5:colcon.colcon_core.verb:set package 'learn_compose' build argument 'catkin_skip_building_tests' from command line to 'False'
[0.805s] DEBUG:colcon.colcon_core.verb:Building package 'learn_compose' with the following arguments: {'ament_cmake_args': None, 'build_base': '/opt/2026_product/family_robot_ws/build/learn_compose', 'catkin_cmake_args': None, 'catkin_skip_building_tests': False, 'cmake_args': None, 'cmake_clean_cache': False, 'cmake_clean_first': False, 'cmake_force_configure': False, 'cmake_target': None, 'cmake_target_skip_unavailable': False, 'install_base': '/opt/2026_product/family_robot_ws/install/learn_compose', 'merge_install': False, 'path': '/opt/2026_product/family_robot_ws/src/video_face_move/learn_compose', 'symlink_install': False, 'test_result_base': None}
[0.805s] Level 5:colcon.colcon_core.verb:set package 'stock_monitor_node' build argument 'cmake_args' from command line to 'None'
[0.805s] Level 5:colcon.colcon_core.verb:set package 'stock_monitor_node' build argument 'cmake_target' from command line to 'None'
[0.805s] Level 5:colcon.colcon_core.verb:set package 'stock_monitor_node' build argument 'cmake_target_skip_unavailable' from command line to 'False'
[0.806s] Level 5:colcon.colcon_core.verb:set package 'stock_monitor_node' build argument 'cmake_clean_cache' from command line to 'False'
[0.806s] Level 5:colcon.colcon_core.verb:set package 'stock_monitor_node' build argument 'cmake_clean_first' from command line to 'False'
[0.806s] Level 5:colcon.colcon_core.verb:set package 'stock_monitor_node' build argument 'cmake_force_configure' from command line to 'False'
[0.806s] Level 5:colcon.colcon_core.verb:set package 'stock_monitor_node' build argument 'ament_cmake_args' from command line to 'None'
[0.806s] Level 5:colcon.colcon_core.verb:set package 'stock_monitor_node' build argument 'catkin_cmake_args' from command line to 'None'
[0.806s] Level 5:colcon.colcon_core.verb:set package 'stock_monitor_node' build argument 'catkin_skip_building_tests' from command line to 'False'
[0.806s] DEBUG:colcon.colcon_core.verb:Building package 'stock_monitor_node' with the following arguments: {'ament_cmake_args': None, 'build_base': '/opt/2026_product/family_robot_ws/build/stock_monitor_node', 'catkin_cmake_args': None, 'catkin_skip_building_tests': False, 'cmake_args': None, 'cmake_clean_cache': False, 'cmake_clean_first': False, 'cmake_force_configure': False, 'cmake_target': None, 'cmake_target_skip_unavailable': False, 'install_base': '/opt/2026_product/family_robot_ws/install/stock_monitor_node', 'merge_install': False, 'path': '/opt/2026_product/family_robot_ws/src/laofu_message/stock_monitor_node', 'symlink_install': False, 'test_result_base': None}
[0.807s] Level 5:colcon.colcon_core.verb:set package 'wechat_interfaces' build argument 'cmake_args' from command line to 'None'
[0.807s] Level 5:colcon.colcon_core.verb:set package 'wechat_interfaces' build argument 'cmake_target' from command line to 'None'
[0.807s] Level 5:colcon.colcon_core.verb:set package 'wechat_interfaces' build argument 'cmake_target_skip_unavailable' from command line to 'False'
[0.807s] Level 5:colcon.colcon_core.verb:set package 'wechat_interfaces' build argument 'cmake_clean_cache' from command line to 'False'
[0.807s] Level 5:colcon.colcon_core.verb:set package 'wechat_interfaces' build argument 'cmake_clean_first' from command line to 'False'
[0.807s] Level 5:colcon.colcon_core.verb:set package 'wechat_interfaces' build argument 'cmake_force_configure' from command line to 'False'
[0.807s] Level 5:colcon.colcon_core.verb:set package 'wechat_interfaces' build argument 'ament_cmake_args' from command line to 'None'
[0.807s] Level 5:colcon.colcon_core.verb:set package 'wechat_interfaces' build argument 'catkin_cmake_args' from command line to 'None'
[0.807s] Level 5:colcon.colcon_core.verb:set package 'wechat_interfaces' build argument 'catkin_skip_building_tests' from command line to 'False'
[0.807s] DEBUG:colcon.colcon_core.verb:Building package 'wechat_interfaces' with the following arguments: {'ament_cmake_args': None, 'build_base': '/opt/2026_product/family_robot_ws/build/wechat_interfaces', 'catkin_cmake_args': None, 'catkin_skip_building_tests': False, 'cmake_args': None, 'cmake_clean_cache': False, 'cmake_clean_first': False, 'cmake_force_configure': False, 'cmake_target': None, 'cmake_target_skip_unavailable': False, 'install_base': '/opt/2026_product/family_robot_ws/install/wechat_interfaces', 'merge_install': False, 'path': '/opt/2026_product/family_robot_ws/src/laofu_message/wechat_interfaces', 'symlink_install': False, 'test_result_base': None}
[0.808s] Level 5:colcon.colcon_core.verb:set package 'yolov8_ros2' build argument 'cmake_args' from command line to 'None'
[0.808s] Level 5:colcon.colcon_core.verb:set package 'yolov8_ros2' build argument 'cmake_target' from command line to 'None'
[0.808s] Level 5:colcon.colcon_core.verb:set package 'yolov8_ros2' build argument 'cmake_target_skip_unavailable' from command line to 'False'
[0.808s] Level 5:colcon.colcon_core.verb:set package 'yolov8_ros2' build argument 'cmake_clean_cache' from command line to 'False'
[0.808s] Level 5:colcon.colcon_core.verb:set package 'yolov8_ros2' build argument 'cmake_clean_first' from command line to 'False'
[0.808s] Level 5:colcon.colcon_core.verb:set package 'yolov8_ros2' build argument 'cmake_force_configure' from command line to 'False'
[0.808s] Level 5:colcon.colcon_core.verb:set package 'yolov8_ros2' build argument 'ament_cmake_args' from command line to 'None'
[0.808s] Level 5:colcon.colcon_core.verb:set package 'yolov8_ros2' build argument 'catkin_cmake_args' from command line to 'None'
[0.808s] Level 5:colcon.colcon_core.verb:set package 'yolov8_ros2' build argument 'catkin_skip_building_tests' from command line to 'False'
[0.808s] DEBUG:colcon.colcon_core.verb:Building package 'yolov8_ros2' with the following arguments: {'ament_cmake_args': None, 'build_base': '/opt/2026_product/family_robot_ws/build/yolov8_ros2', 'catkin_cmake_args': None, 'catkin_skip_building_tests': False, 'cmake_args': None, 'cmake_clean_cache': False, 'cmake_clean_first': False, 'cmake_force_configure': False, 'cmake_target': None, 'cmake_target_skip_unavailable': False, 'install_base': '/opt/2026_product/family_robot_ws/install/yolov8_ros2', 'merge_install': False, 'path': '/opt/2026_product/family_robot_ws/src/yolov8_ros2', 'symlink_install': False, 'test_result_base': None}
[0.809s] Level 5:colcon.colcon_core.verb:set package 'web_wenxun_sender_node' build argument 'cmake_args' from command line to 'None'
[0.809s] Level 5:colcon.colcon_core.verb:set package 'web_wenxun_sender_node' build argument 'cmake_target' from command line to 'None'
[0.809s] Level 5:colcon.colcon_core.verb:set package 'web_wenxun_sender_node' build argument 'cmake_target_skip_unavailable' from command line to 'False'
[0.809s] Level 5:colcon.colcon_core.verb:set package 'web_wenxun_sender_node' build argument 'cmake_clean_cache' from command line to 'False'
[0.809s] Level 5:colcon.colcon_core.verb:set package 'web_wenxun_sender_node' build argument 'cmake_clean_first' from command line to 'False'
[0.809s] Level 5:colcon.colcon_core.verb:set package 'web_wenxun_sender_node' build argument 'cmake_force_configure' from command line to 'False'
[0.810s] Level 5:colcon.colcon_core.verb:set package 'web_wenxun_sender_node' build argument 'ament_cmake_args' from command line to 'None'
[0.810s] Level 5:colcon.colcon_core.verb:set package 'web_wenxun_sender_node' build argument 'catkin_cmake_args' from command line to 'None'
[0.810s] Level 5:colcon.colcon_core.verb:set package 'web_wenxun_sender_node' build argument 'catkin_skip_building_tests' from command line to 'False'
[0.810s] DEBUG:colcon.colcon_core.verb:Building package 'web_wenxun_sender_node' with the following arguments: {'ament_cmake_args': None, 'build_base': '/opt/2026_product/family_robot_ws/build/web_wenxun_sender_node', 'catkin_cmake_args': None, 'catkin_skip_building_tests': False, 'cmake_args': None, 'cmake_clean_cache': False, 'cmake_clean_first': False, 'cmake_force_configure': False, 'cmake_target': None, 'cmake_target_skip_unavailable': False, 'install_base': '/opt/2026_product/family_robot_ws/install/web_wenxun_sender_node', 'merge_install': False, 'path': '/opt/2026_product/family_robot_ws/src/laofu_message/web_wenxun_sender_node', 'symlink_install': False, 'test_result_base': None}
[0.810s] INFO:colcon.colcon_core.executor:Executing jobs using 'parallel' executor
[0.811s] DEBUG:colcon.colcon_parallel_executor.executor.parallel:run_until_complete
[0.812s] INFO:colcon.colcon_ros.task.ament_cmake.build:Building ROS package in '/opt/2026_product/family_robot_ws/src/laofu_message/wechat_interfaces' with build type 'ament_cmake'
[0.812s] INFO:colcon.colcon_cmake.task.cmake.build:Building CMake package in '/opt/2026_product/family_robot_ws/src/laofu_message/wechat_interfaces'
[0.815s] INFO:colcon.colcon_core.plugin_system:Skipping extension 'colcon_core.shell.bat': Not used on non-Windows systems
[0.816s] INFO:colcon.colcon_core.shell:Skip shell extension 'powershell' for command environment: Not usable outside of PowerShell
[0.816s] DEBUG:colcon.colcon_core.shell:Skip shell extension 'dsv' for command environment
[0.821s] INFO:colcon.colcon_ros.task.ament_cmake.build:Building ROS package in '/opt/2026_product/family_robot_ws/src/family_robot_head' with build type 'ament_cmake'
[0.821s] INFO:colcon.colcon_cmake.task.cmake.build:Building CMake package in '/opt/2026_product/family_robot_ws/src/family_robot_head'
[0.821s] INFO:colcon.colcon_core.shell:Skip shell extension 'powershell' for command environment: Not usable outside of PowerShell
[0.821s] DEBUG:colcon.colcon_core.shell:Skip shell extension 'dsv' for command environment
[0.826s] INFO:colcon.colcon_ros.task.ament_cmake.build:Building ROS package in '/opt/2026_product/family_robot_ws/src/video_face_move/learn_compose' with build type 'ament_cmake'
[0.826s] INFO:colcon.colcon_cmake.task.cmake.build:Building CMake package in '/opt/2026_product/family_robot_ws/src/video_face_move/learn_compose'
[0.826s] INFO:colcon.colcon_core.shell:Skip shell extension 'powershell' for command environment: Not usable outside of PowerShell
[0.826s] DEBUG:colcon.colcon_core.shell:Skip shell extension 'dsv' for command environment
[0.831s] INFO:colcon.colcon_ros.task.ament_python.build:Building ROS package in '/opt/2026_product/family_robot_ws/src/laofu_message/stock_monitor_node' with build type 'ament_python'
[0.831s] Level 1:colcon.colcon_core.shell:create_environment_hook('stock_monitor_node', 'ament_prefix_path')
[0.832s] INFO:colcon.colcon_core.shell:Creating environment hook '/opt/2026_product/family_robot_ws/install/stock_monitor_node/share/stock_monitor_node/hook/ament_prefix_path.ps1'
[0.833s] INFO:colcon.colcon_core.shell:Creating environment descriptor '/opt/2026_product/family_robot_ws/install/stock_monitor_node/share/stock_monitor_node/hook/ament_prefix_path.dsv'
[0.833s] INFO:colcon.colcon_core.shell:Creating environment hook '/opt/2026_product/family_robot_ws/install/stock_monitor_node/share/stock_monitor_node/hook/ament_prefix_path.sh'
[0.835s] INFO:colcon.colcon_core.shell:Skip shell extension 'powershell' for command environment: Not usable outside of PowerShell
[0.835s] DEBUG:colcon.colcon_core.shell:Skip shell extension 'dsv' for command environment
[0.849s] DEBUG:colcon.colcon_core.event_handler.log_command:Invoking command in '/opt/2026_product/family_robot_ws/build/wechat_interfaces': CMAKE_PREFIX_PATH=/opt/ros/humble /usr/bin/cmake --build /opt/2026_product/family_robot_ws/build/wechat_interfaces -- -j4 -l4
[0.857s] DEBUG:colcon.colcon_core.event_handler.log_command:Invoking command in '/opt/2026_product/family_robot_ws/build/family_robot_head': CMAKE_PREFIX_PATH=/opt/ros/humble /usr/bin/cmake --build /opt/2026_product/family_robot_ws/build/family_robot_head -- -j4 -l4
[0.860s] DEBUG:colcon.colcon_core.event_handler.log_command:Invoking command in '/opt/2026_product/family_robot_ws/build/learn_compose': CMAKE_PREFIX_PATH=/opt/ros/humble /usr/bin/cmake --build /opt/2026_product/family_robot_ws/build/learn_compose -- -j4 -l4
[1.646s] INFO:colcon.colcon_core.task.python.build:Building Python package in '/opt/2026_product/family_robot_ws/src/laofu_message/stock_monitor_node'
[1.647s] INFO:colcon.colcon_core.shell:Skip shell extension 'powershell' for command environment: Not usable outside of PowerShell
[1.647s] DEBUG:colcon.colcon_core.shell:Skip shell extension 'dsv' for command environment
[1.664s] DEBUG:colcon.colcon_core.event_handler.log_command:Invoked command in '/opt/2026_product/family_robot_ws/build/family_robot_head' returned '0': CMAKE_PREFIX_PATH=/opt/ros/humble /usr/bin/cmake --build /opt/2026_product/family_robot_ws/build/family_robot_head -- -j4 -l4
[1.690s] DEBUG:colcon.colcon_core.event_handler.log_command:Invoking command in '/opt/2026_product/family_robot_ws/build/family_robot_head': CMAKE_PREFIX_PATH=/opt/ros/humble /usr/bin/cmake --install /opt/2026_product/family_robot_ws/build/family_robot_head
[1.721s] Level 1:colcon.colcon_core.environment:create_environment_scripts_only(family_robot_head)
[1.725s] Level 1:colcon.colcon_core.environment:checking '/opt/2026_product/family_robot_ws/install/family_robot_head' for CMake module files
[1.726s] Level 1:colcon.colcon_core.environment:checking '/opt/2026_product/family_robot_ws/install/family_robot_head' for CMake config files
[1.727s] DEBUG:colcon.colcon_core.event_handler.log_command:Invoked command in '/opt/2026_product/family_robot_ws/build/family_robot_head' returned '0': CMAKE_PREFIX_PATH=/opt/ros/humble /usr/bin/cmake --install /opt/2026_product/family_robot_ws/build/family_robot_head
[1.727s] Level 1:colcon.colcon_core.shell:create_environment_hook('family_robot_head', 'cmake_prefix_path')
[1.728s] INFO:colcon.colcon_core.shell:Creating environment hook '/opt/2026_product/family_robot_ws/install/family_robot_head/share/family_robot_head/hook/cmake_prefix_path.ps1'
[1.729s] INFO:colcon.colcon_core.shell:Creating environment descriptor '/opt/2026_product/family_robot_ws/install/family_robot_head/share/family_robot_head/hook/cmake_prefix_path.dsv'
[1.729s] INFO:colcon.colcon_core.shell:Creating environment hook '/opt/2026_product/family_robot_ws/install/family_robot_head/share/family_robot_head/hook/cmake_prefix_path.sh'
[1.731s] Level 1:colcon.colcon_core.environment:checking '/opt/2026_product/family_robot_ws/install/family_robot_head/lib'
[1.731s] Level 1:colcon.colcon_core.environment:checking '/opt/2026_product/family_robot_ws/install/family_robot_head/bin'
[1.731s] Level 1:colcon.colcon_core.environment:checking '/opt/2026_product/family_robot_ws/install/family_robot_head/lib/pkgconfig/family_robot_head.pc'
[1.732s] Level 1:colcon.colcon_core.environment:checking '/opt/2026_product/family_robot_ws/install/family_robot_head/lib/python3.10/site-packages'
[1.732s] Level 1:colcon.colcon_core.environment:checking '/opt/2026_product/family_robot_ws/install/family_robot_head/bin'
[1.733s] INFO:colcon.colcon_core.shell:Creating package script '/opt/2026_product/family_robot_ws/install/family_robot_head/share/family_robot_head/package.ps1'
[1.734s] INFO:colcon.colcon_core.shell:Creating package descriptor '/opt/2026_product/family_robot_ws/install/family_robot_head/share/family_robot_head/package.dsv'
[1.735s] INFO:colcon.colcon_core.shell:Creating package script '/opt/2026_product/family_robot_ws/install/family_robot_head/share/family_robot_head/package.sh'
[1.737s] INFO:colcon.colcon_core.shell:Creating package script '/opt/2026_product/family_robot_ws/install/family_robot_head/share/family_robot_head/package.bash'
[1.738s] INFO:colcon.colcon_core.shell:Creating package script '/opt/2026_product/family_robot_ws/install/family_robot_head/share/family_robot_head/package.zsh'
[1.739s] Level 1:colcon.colcon_core.environment:create_file_with_runtime_dependencies(/opt/2026_product/family_robot_ws/install/family_robot_head/share/colcon-core/packages/family_robot_head)
[1.741s] Level 1:colcon.colcon_core.environment:create_environment_scripts_only(family_robot_head)
[1.741s] Level 1:colcon.colcon_core.environment:checking '/opt/2026_product/family_robot_ws/install/family_robot_head' for CMake module files
[1.742s] Level 1:colcon.colcon_core.environment:checking '/opt/2026_product/family_robot_ws/install/family_robot_head' for CMake config files
[1.743s] Level 1:colcon.colcon_core.shell:create_environment_hook('family_robot_head', 'cmake_prefix_path')
[1.743s] INFO:colcon.colcon_core.shell:Creating environment hook '/opt/2026_product/family_robot_ws/install/family_robot_head/share/family_robot_head/hook/cmake_prefix_path.ps1'
[1.744s] INFO:colcon.colcon_core.shell:Creating environment descriptor '/opt/2026_product/family_robot_ws/install/family_robot_head/share/family_robot_head/hook/cmake_prefix_path.dsv'
[1.745s] INFO:colcon.colcon_core.shell:Creating environment hook '/opt/2026_product/family_robot_ws/install/family_robot_head/share/family_robot_head/hook/cmake_prefix_path.sh'
[1.751s] Level 1:colcon.colcon_core.environment:checking '/opt/2026_product/family_robot_ws/install/family_robot_head/lib'
[1.751s] Level 1:colcon.colcon_core.environment:checking '/opt/2026_product/family_robot_ws/install/family_robot_head/bin'
[1.752s] Level 1:colcon.colcon_core.environment:checking '/opt/2026_product/family_robot_ws/install/family_robot_head/lib/pkgconfig/family_robot_head.pc'
[1.752s] Level 1:colcon.colcon_core.environment:checking '/opt/2026_product/family_robot_ws/install/family_robot_head/lib/python3.10/site-packages'
[1.753s] Level 1:colcon.colcon_core.environment:checking '/opt/2026_product/family_robot_ws/install/family_robot_head/bin'
[1.753s] INFO:colcon.colcon_core.shell:Creating package script '/opt/2026_product/family_robot_ws/install/family_robot_head/share/family_robot_head/package.ps1'
[1.770s] INFO:colcon.colcon_core.shell:Creating package descriptor '/opt/2026_product/family_robot_ws/install/family_robot_head/share/family_robot_head/package.dsv'
[1.771s] INFO:colcon.colcon_core.shell:Creating package script '/opt/2026_product/family_robot_ws/install/family_robot_head/share/family_robot_head/package.sh'
[1.772s] INFO:colcon.colcon_core.shell:Creating package script '/opt/2026_product/family_robot_ws/install/family_robot_head/share/family_robot_head/package.bash'
[1.773s] INFO:colcon.colcon_core.shell:Creating package script '/opt/2026_product/family_robot_ws/install/family_robot_head/share/family_robot_head/package.zsh'
[1.774s] Level 1:colcon.colcon_core.environment:create_file_with_runtime_dependencies(/opt/2026_product/family_robot_ws/install/family_robot_head/share/colcon-core/packages/family_robot_head)
[1.775s] INFO:colcon.colcon_ros.task.ament_python.build:Building ROS package in '/opt/2026_product/family_robot_ws/src/yolov8_ros2' with build type 'ament_python'
[1.786s] Level 1:colcon.colcon_core.shell:create_environment_hook('yolov8_ros2', 'ament_prefix_path')
[1.786s] INFO:colcon.colcon_core.shell:Creating environment hook '/opt/2026_product/family_robot_ws/install/yolov8_ros2/share/yolov8_ros2/hook/ament_prefix_path.ps1'
[1.787s] INFO:colcon.colcon_core.shell:Creating environment descriptor '/opt/2026_product/family_robot_ws/install/yolov8_ros2/share/yolov8_ros2/hook/ament_prefix_path.dsv'
[1.788s] INFO:colcon.colcon_core.shell:Creating environment hook '/opt/2026_product/family_robot_ws/install/yolov8_ros2/share/yolov8_ros2/hook/ament_prefix_path.sh'
[1.804s] INFO:colcon.colcon_core.shell:Skip shell extension 'powershell' for command environment: Not usable outside of PowerShell
[1.804s] DEBUG:colcon.colcon_core.shell:Skip shell extension 'dsv' for command environment
[1.854s] DEBUG:colcon.colcon_core.event_handler.log_command:Invoked command in '/opt/2026_product/family_robot_ws/build/wechat_interfaces' returned '0': CMAKE_PREFIX_PATH=/opt/ros/humble /usr/bin/cmake --build /opt/2026_product/family_robot_ws/build/wechat_interfaces -- -j4 -l4
[1.856s] DEBUG:colcon.colcon_core.event_handler.log_command:Invoking command in '/opt/2026_product/family_robot_ws/build/wechat_interfaces': CMAKE_PREFIX_PATH=/opt/ros/humble /usr/bin/cmake --install /opt/2026_product/family_robot_ws/build/wechat_interfaces
[2.547s] INFO:colcon.colcon_core.task.python.build:Building Python package in '/opt/2026_product/family_robot_ws/src/yolov8_ros2'
[2.547s] INFO:colcon.colcon_core.shell:Skip shell extension 'powershell' for command environment: Not usable outside of PowerShell
[2.547s] DEBUG:colcon.colcon_core.shell:Skip shell extension 'dsv' for command environment
[2.557s] DEBUG:colcon.colcon_core.event_handler.log_command:Invoking command in '/opt/2026_product/family_robot_ws/src/laofu_message/stock_monitor_node': PYTHONPATH=/opt/2026_product/family_robot_ws/build/stock_monitor_node/prefix_override:/usr/lib/python3/dist-packages/colcon_core/task/python/colcon_distutils_commands:/opt/2026_product/family_robot_ws/install/stock_monitor_node/lib/python3.10/site-packages:${PYTHONPATH} /usr/bin/python3 -W ignore:setup.py install is deprecated -W ignore:easy_install command is deprecated setup.py egg_info --egg-base ../../../build/stock_monitor_node build --build-base /opt/2026_product/family_robot_ws/build/stock_monitor_node/build install --record /opt/2026_product/family_robot_ws/build/stock_monitor_node/install.log --single-version-externally-managed install_data
[2.563s] Level 1:colcon.colcon_core.environment:create_environment_scripts_only(wechat_interfaces)
[2.568s] DEBUG:colcon.colcon_core.event_handler.log_command:Invoked command in '/opt/2026_product/family_robot_ws/build/wechat_interfaces' returned '0': CMAKE_PREFIX_PATH=/opt/ros/humble /usr/bin/cmake --install /opt/2026_product/family_robot_ws/build/wechat_interfaces
[2.570s] Level 1:colcon.colcon_core.environment:checking '/opt/2026_product/family_robot_ws/install/wechat_interfaces' for CMake module files
[2.572s] Level 1:colcon.colcon_core.environment:checking '/opt/2026_product/family_robot_ws/install/wechat_interfaces' for CMake config files
[2.573s] Level 1:colcon.colcon_core.shell:create_environment_hook('wechat_interfaces', 'cmake_prefix_path')
[2.573s] INFO:colcon.colcon_core.shell:Creating environment hook '/opt/2026_product/family_robot_ws/install/wechat_interfaces/share/wechat_interfaces/hook/cmake_prefix_path.ps1'
[2.574s] INFO:colcon.colcon_core.shell:Creating environment descriptor '/opt/2026_product/family_robot_ws/install/wechat_interfaces/share/wechat_interfaces/hook/cmake_prefix_path.dsv'
[2.575s] INFO:colcon.colcon_core.shell:Creating environment hook '/opt/2026_product/family_robot_ws/install/wechat_interfaces/share/wechat_interfaces/hook/cmake_prefix_path.sh'
[2.576s] Level 1:colcon.colcon_core.environment:checking '/opt/2026_product/family_robot_ws/install/wechat_interfaces/lib'
[2.576s] Level 1:colcon.colcon_core.shell:create_environment_hook('wechat_interfaces', 'ld_library_path_lib')
[2.576s] INFO:colcon.colcon_core.shell:Creating environment hook '/opt/2026_product/family_robot_ws/install/wechat_interfaces/share/wechat_interfaces/hook/ld_library_path_lib.ps1'
[2.577s] INFO:colcon.colcon_core.shell:Creating environment descriptor '/opt/2026_product/family_robot_ws/install/wechat_interfaces/share/wechat_interfaces/hook/ld_library_path_lib.dsv'
[2.577s] INFO:colcon.colcon_core.shell:Creating environment hook '/opt/2026_product/family_robot_ws/install/wechat_interfaces/share/wechat_interfaces/hook/ld_library_path_lib.sh'
[2.578s] Level 1:colcon.colcon_core.environment:checking '/opt/2026_product/family_robot_ws/install/wechat_interfaces/bin'
[2.578s] Level 1:colcon.colcon_core.environment:checking '/opt/2026_product/family_robot_ws/install/wechat_interfaces/lib/pkgconfig/wechat_interfaces.pc'
[2.579s] Level 1:colcon.colcon_core.environment:checking '/opt/2026_product/family_robot_ws/install/wechat_interfaces/lib/python3.10/site-packages'
[2.579s] Level 1:colcon.colcon_core.environment:checking '/opt/2026_product/family_robot_ws/install/wechat_interfaces/bin'
[2.580s] INFO:colcon.colcon_core.shell:Creating package script '/opt/2026_product/family_robot_ws/install/wechat_interfaces/share/wechat_interfaces/package.ps1'
[2.581s] INFO:colcon.colcon_core.shell:Creating package descriptor '/opt/2026_product/family_robot_ws/install/wechat_interfaces/share/wechat_interfaces/package.dsv'
[2.582s] INFO:colcon.colcon_core.shell:Creating package script '/opt/2026_product/family_robot_ws/install/wechat_interfaces/share/wechat_interfaces/package.sh'
[2.583s] INFO:colcon.colcon_core.shell:Creating package script '/opt/2026_product/family_robot_ws/install/wechat_interfaces/share/wechat_interfaces/package.bash'
[2.583s] INFO:colcon.colcon_core.shell:Creating package script '/opt/2026_product/family_robot_ws/install/wechat_interfaces/share/wechat_interfaces/package.zsh'
[2.584s] Level 1:colcon.colcon_core.environment:create_file_with_runtime_dependencies(/opt/2026_product/family_robot_ws/install/wechat_interfaces/share/colcon-core/packages/wechat_interfaces)
[2.585s] Level 1:colcon.colcon_core.environment:create_environment_scripts_only(wechat_interfaces)
[2.585s] Level 1:colcon.colcon_core.environment:checking '/opt/2026_product/family_robot_ws/install/wechat_interfaces' for CMake module files
[2.587s] Level 1:colcon.colcon_core.environment:checking '/opt/2026_product/family_robot_ws/install/wechat_interfaces' for CMake config files
[2.588s] Level 1:colcon.colcon_core.shell:create_environment_hook('wechat_interfaces', 'cmake_prefix_path')
[2.588s] INFO:colcon.colcon_core.shell:Creating environment hook '/opt/2026_product/family_robot_ws/install/wechat_interfaces/share/wechat_interfaces/hook/cmake_prefix_path.ps1'
[2.589s] INFO:colcon.colcon_core.shell:Creating environment descriptor '/opt/2026_product/family_robot_ws/install/wechat_interfaces/share/wechat_interfaces/hook/cmake_prefix_path.dsv'
[2.589s] INFO:colcon.colcon_core.shell:Creating environment hook '/opt/2026_product/family_robot_ws/install/wechat_interfaces/share/wechat_interfaces/hook/cmake_prefix_path.sh'
[2.590s] Level 1:colcon.colcon_core.environment:checking '/opt/2026_product/family_robot_ws/install/wechat_interfaces/lib'
[2.591s] Level 1:colcon.colcon_core.shell:create_environment_hook('wechat_interfaces', 'ld_library_path_lib')
[2.591s] INFO:colcon.colcon_core.shell:Creating environment hook '/opt/2026_product/family_robot_ws/install/wechat_interfaces/share/wechat_interfaces/hook/ld_library_path_lib.ps1'
[2.592s] INFO:colcon.colcon_core.shell:Creating environment descriptor '/opt/2026_product/family_robot_ws/install/wechat_interfaces/share/wechat_interfaces/hook/ld_library_path_lib.dsv'
[2.592s] INFO:colcon.colcon_core.shell:Creating environment hook '/opt/2026_product/family_robot_ws/install/wechat_interfaces/share/wechat_interfaces/hook/ld_library_path_lib.sh'
[2.593s] Level 1:colcon.colcon_core.environment:checking '/opt/2026_product/family_robot_ws/install/wechat_interfaces/bin'
[2.593s] Level 1:colcon.colcon_core.environment:checking '/opt/2026_product/family_robot_ws/install/wechat_interfaces/lib/pkgconfig/wechat_interfaces.pc'
[2.593s] Level 1:colcon.colcon_core.environment:checking '/opt/2026_product/family_robot_ws/install/wechat_interfaces/lib/python3.10/site-packages'
[2.594s] Level 1:colcon.colcon_core.environment:checking '/opt/2026_product/family_robot_ws/install/wechat_interfaces/bin'
[2.595s] INFO:colcon.colcon_core.shell:Creating package script '/opt/2026_product/family_robot_ws/install/wechat_interfaces/share/wechat_interfaces/package.ps1'
[2.596s] INFO:colcon.colcon_core.shell:Creating package descriptor '/opt/2026_product/family_robot_ws/install/wechat_interfaces/share/wechat_interfaces/package.dsv'
[2.597s] INFO:colcon.colcon_core.shell:Creating package script '/opt/2026_product/family_robot_ws/install/wechat_interfaces/share/wechat_interfaces/package.sh'
[2.598s] INFO:colcon.colcon_core.shell:Creating package script '/opt/2026_product/family_robot_ws/install/wechat_interfaces/share/wechat_interfaces/package.bash'
[2.598s] INFO:colcon.colcon_core.shell:Creating package script '/opt/2026_product/family_robot_ws/install/wechat_interfaces/share/wechat_interfaces/package.zsh'
[2.599s] Level 1:colcon.colcon_core.environment:create_file_with_runtime_dependencies(/opt/2026_product/family_robot_ws/install/wechat_interfaces/share/colcon-core/packages/wechat_interfaces)
[2.600s] INFO:colcon.colcon_ros.task.ament_python.build:Building ROS package in '/opt/2026_product/family_robot_ws/src/laofu_message/web_wenxun_sender_node' with build type 'ament_python'
[2.600s] Level 1:colcon.colcon_core.shell:create_environment_hook('web_wenxun_sender_node', 'ament_prefix_path')
[2.601s] INFO:colcon.colcon_core.shell:Creating environment hook '/opt/2026_product/family_robot_ws/install/web_wenxun_sender_node/share/web_wenxun_sender_node/hook/ament_prefix_path.ps1'
[2.602s] INFO:colcon.colcon_core.shell:Creating environment descriptor '/opt/2026_product/family_robot_ws/install/web_wenxun_sender_node/share/web_wenxun_sender_node/hook/ament_prefix_path.dsv'
[2.603s] INFO:colcon.colcon_core.shell:Creating environment hook '/opt/2026_product/family_robot_ws/install/web_wenxun_sender_node/share/web_wenxun_sender_node/hook/ament_prefix_path.sh'
[2.604s] INFO:colcon.colcon_core.shell:Skip shell extension 'powershell' for command environment: Not usable outside of PowerShell
[2.604s] DEBUG:colcon.colcon_core.shell:Skip shell extension 'dsv' for command environment
[3.311s] INFO:colcon.colcon_core.task.python.build:Building Python package in '/opt/2026_product/family_robot_ws/src/laofu_message/web_wenxun_sender_node'
[3.312s] INFO:colcon.colcon_core.shell:Skip shell extension 'powershell' for command environment: Not usable outside of PowerShell
[3.312s] DEBUG:colcon.colcon_core.shell:Skip shell extension 'dsv' for command environment
[3.384s] Level 1:colcon.colcon_core.environment:checking '/opt/2026_product/family_robot_ws/install/stock_monitor_node' for CMake module files
[3.385s] Level 1:colcon.colcon_core.environment:checking '/opt/2026_product/family_robot_ws/install/stock_monitor_node' for CMake config files
[3.386s] Level 1:colcon.colcon_core.environment:checking '/opt/2026_product/family_robot_ws/install/stock_monitor_node/lib'
[3.386s] Level 1:colcon.colcon_core.environment:checking '/opt/2026_product/family_robot_ws/install/stock_monitor_node/bin'
[3.386s] Level 1:colcon.colcon_core.environment:checking '/opt/2026_product/family_robot_ws/install/stock_monitor_node/lib/pkgconfig/stock_monitor_node.pc'
[3.387s] Level 1:colcon.colcon_core.environment:checking '/opt/2026_product/family_robot_ws/install/stock_monitor_node/lib/python3.10/site-packages'
[3.387s] Level 1:colcon.colcon_core.shell:create_environment_hook('stock_monitor_node', 'pythonpath')
[3.387s] INFO:colcon.colcon_core.shell:Creating environment hook '/opt/2026_product/family_robot_ws/install/stock_monitor_node/share/stock_monitor_node/hook/pythonpath.ps1'
[3.388s] INFO:colcon.colcon_core.shell:Creating environment descriptor '/opt/2026_product/family_robot_ws/install/stock_monitor_node/share/stock_monitor_node/hook/pythonpath.dsv'
[3.388s] INFO:colcon.colcon_core.shell:Creating environment hook '/opt/2026_product/family_robot_ws/install/stock_monitor_node/share/stock_monitor_node/hook/pythonpath.sh'
[3.390s] Level 1:colcon.colcon_core.environment:checking '/opt/2026_product/family_robot_ws/install/stock_monitor_node/bin'
[3.390s] Level 1:colcon.colcon_core.environment:create_environment_scripts_only(stock_monitor_node)
[3.390s] INFO:colcon.colcon_core.shell:Creating package script '/opt/2026_product/family_robot_ws/install/stock_monitor_node/share/stock_monitor_node/package.ps1'
[3.391s] DEBUG:colcon.colcon_core.event_handler.log_command:Invoked command in '/opt/2026_product/family_robot_ws/src/laofu_message/stock_monitor_node' returned '0': PYTHONPATH=/opt/2026_product/family_robot_ws/build/stock_monitor_node/prefix_override:/usr/lib/python3/dist-packages/colcon_core/task/python/colcon_distutils_commands:/opt/2026_product/family_robot_ws/install/stock_monitor_node/lib/python3.10/site-packages:${PYTHONPATH} /usr/bin/python3 -W ignore:setup.py install is deprecated -W ignore:easy_install command is deprecated setup.py egg_info --egg-base ../../../build/stock_monitor_node build --build-base /opt/2026_product/family_robot_ws/build/stock_monitor_node/build install --record /opt/2026_product/family_robot_ws/build/stock_monitor_node/install.log --single-version-externally-managed install_data
[3.392s] INFO:colcon.colcon_core.shell:Creating package descriptor '/opt/2026_product/family_robot_ws/install/stock_monitor_node/share/stock_monitor_node/package.dsv'
[3.393s] INFO:colcon.colcon_core.shell:Creating package script '/opt/2026_product/family_robot_ws/install/stock_monitor_node/share/stock_monitor_node/package.sh'
[3.393s] INFO:colcon.colcon_core.shell:Creating package script '/opt/2026_product/family_robot_ws/install/stock_monitor_node/share/stock_monitor_node/package.bash'
[3.407s] INFO:colcon.colcon_core.shell:Creating package script '/opt/2026_product/family_robot_ws/install/stock_monitor_node/share/stock_monitor_node/package.zsh'
[3.408s] Level 1:colcon.colcon_core.environment:create_file_with_runtime_dependencies(/opt/2026_product/family_robot_ws/install/stock_monitor_node/share/colcon-core/packages/stock_monitor_node)
[3.625s] DEBUG:colcon.colcon_core.event_handler.log_command:Invoking command in '/opt/2026_product/family_robot_ws/src/yolov8_ros2': PYTHONPATH=/opt/2026_product/family_robot_ws/build/yolov8_ros2/prefix_override:/usr/lib/python3/dist-packages/colcon_core/task/python/colcon_distutils_commands:/opt/2026_product/family_robot_ws/install/yolov8_ros2/lib/python3.10/site-packages:${PYTHONPATH} /usr/bin/python3 -W ignore:setup.py install is deprecated -W ignore:easy_install command is deprecated setup.py egg_info --egg-base ../../build/yolov8_ros2 build --build-base /opt/2026_product/family_robot_ws/build/yolov8_ros2/build install --record /opt/2026_product/family_robot_ws/build/yolov8_ros2/install.log --single-version-externally-managed install_data
[4.156s] DEBUG:colcon.colcon_core.event_handler.log_command:Invoking command in '/opt/2026_product/family_robot_ws/src/laofu_message/web_wenxun_sender_node': AMENT_PREFIX_PATH=/opt/2026_product/family_robot_ws/install/wechat_interfaces:${AMENT_PREFIX_PATH} CMAKE_PREFIX_PATH=/opt/2026_product/family_robot_ws/install/wechat_interfaces LD_LIBRARY_PATH=/opt/2026_product/family_robot_ws/install/wechat_interfaces/lib:${LD_LIBRARY_PATH} PYTHONPATH=/opt/2026_product/family_robot_ws/build/web_wenxun_sender_node/prefix_override:/usr/lib/python3/dist-packages/colcon_core/task/python/colcon_distutils_commands:/opt/2026_product/family_robot_ws/install/web_wenxun_sender_node/lib/python3.10/site-packages:/opt/2026_product/family_robot_ws/install/wechat_interfaces/local/lib/python3.10/dist-packages:${PYTHONPATH} /usr/bin/python3 -W ignore:setup.py install is deprecated -W ignore:easy_install command is deprecated setup.py egg_info --egg-base ../../../build/web_wenxun_sender_node build --build-base /opt/2026_product/family_robot_ws/build/web_wenxun_sender_node/build install --record /opt/2026_product/family_robot_ws/build/web_wenxun_sender_node/install.log --single-version-externally-managed install_data
[4.279s] Level 1:colcon.colcon_core.environment:checking '/opt/2026_product/family_robot_ws/install/yolov8_ros2' for CMake module files
[4.280s] Level 1:colcon.colcon_core.environment:checking '/opt/2026_product/family_robot_ws/install/yolov8_ros2' for CMake config files
[4.281s] Level 1:colcon.colcon_core.environment:checking '/opt/2026_product/family_robot_ws/install/yolov8_ros2/lib'
[4.281s] Level 1:colcon.colcon_core.environment:checking '/opt/2026_product/family_robot_ws/install/yolov8_ros2/bin'
[4.281s] Level 1:colcon.colcon_core.environment:checking '/opt/2026_product/family_robot_ws/install/yolov8_ros2/lib/pkgconfig/yolov8_ros2.pc'
[4.281s] Level 1:colcon.colcon_core.environment:checking '/opt/2026_product/family_robot_ws/install/yolov8_ros2/lib/python3.10/site-packages'
[4.282s] Level 1:colcon.colcon_core.shell:create_environment_hook('yolov8_ros2', 'pythonpath')
[4.282s] INFO:colcon.colcon_core.shell:Creating environment hook '/opt/2026_product/family_robot_ws/install/yolov8_ros2/share/yolov8_ros2/hook/pythonpath.ps1'
[4.283s] INFO:colcon.colcon_core.shell:Creating environment descriptor '/opt/2026_product/family_robot_ws/install/yolov8_ros2/share/yolov8_ros2/hook/pythonpath.dsv'
[4.283s] INFO:colcon.colcon_core.shell:Creating environment hook '/opt/2026_product/family_robot_ws/install/yolov8_ros2/share/yolov8_ros2/hook/pythonpath.sh'
[4.285s] Level 1:colcon.colcon_core.environment:checking '/opt/2026_product/family_robot_ws/install/yolov8_ros2/bin'
[4.285s] Level 1:colcon.colcon_core.environment:create_environment_scripts_only(yolov8_ros2)
[4.285s] INFO:colcon.colcon_core.shell:Creating package script '/opt/2026_product/family_robot_ws/install/yolov8_ros2/share/yolov8_ros2/package.ps1'
[4.286s] INFO:colcon.colcon_core.shell:Creating package descriptor '/opt/2026_product/family_robot_ws/install/yolov8_ros2/share/yolov8_ros2/package.dsv'
[4.287s] INFO:colcon.colcon_core.shell:Creating package script '/opt/2026_product/family_robot_ws/install/yolov8_ros2/share/yolov8_ros2/package.sh'
[4.288s] INFO:colcon.colcon_core.shell:Creating package script '/opt/2026_product/family_robot_ws/install/yolov8_ros2/share/yolov8_ros2/package.bash'
[4.288s] INFO:colcon.colcon_core.shell:Creating package script '/opt/2026_product/family_robot_ws/install/yolov8_ros2/share/yolov8_ros2/package.zsh'
[4.289s] Level 1:colcon.colcon_core.environment:create_file_with_runtime_dependencies(/opt/2026_product/family_robot_ws/install/yolov8_ros2/share/colcon-core/packages/yolov8_ros2)
[4.290s] DEBUG:colcon.colcon_core.event_handler.log_command:Invoked command in '/opt/2026_product/family_robot_ws/src/yolov8_ros2' returned '0': PYTHONPATH=/opt/2026_product/family_robot_ws/build/yolov8_ros2/prefix_override:/usr/lib/python3/dist-packages/colcon_core/task/python/colcon_distutils_commands:/opt/2026_product/family_robot_ws/install/yolov8_ros2/lib/python3.10/site-packages:${PYTHONPATH} /usr/bin/python3 -W ignore:setup.py install is deprecated -W ignore:easy_install command is deprecated setup.py egg_info --egg-base ../../build/yolov8_ros2 build --build-base /opt/2026_product/family_robot_ws/build/yolov8_ros2/build install --record /opt/2026_product/family_robot_ws/build/yolov8_ros2/install.log --single-version-externally-managed install_data
[4.844s] Level 1:colcon.colcon_core.environment:checking '/opt/2026_product/family_robot_ws/install/web_wenxun_sender_node' for CMake module files
[4.844s] Level 1:colcon.colcon_core.environment:checking '/opt/2026_product/family_robot_ws/install/web_wenxun_sender_node' for CMake config files
[4.845s] Level 1:colcon.colcon_core.environment:checking '/opt/2026_product/family_robot_ws/install/web_wenxun_sender_node/lib'
[4.846s] Level 1:colcon.colcon_core.environment:checking '/opt/2026_product/family_robot_ws/install/web_wenxun_sender_node/bin'
[4.846s] Level 1:colcon.colcon_core.environment:checking '/opt/2026_product/family_robot_ws/install/web_wenxun_sender_node/lib/pkgconfig/web_wenxun_sender_node.pc'
[4.846s] Level 1:colcon.colcon_core.environment:checking '/opt/2026_product/family_robot_ws/install/web_wenxun_sender_node/lib/python3.10/site-packages'
[4.846s] Level 1:colcon.colcon_core.shell:create_environment_hook('web_wenxun_sender_node', 'pythonpath')
[4.847s] INFO:colcon.colcon_core.shell:Creating environment hook '/opt/2026_product/family_robot_ws/install/web_wenxun_sender_node/share/web_wenxun_sender_node/hook/pythonpath.ps1'
[4.847s] INFO:colcon.colcon_core.shell:Creating environment descriptor '/opt/2026_product/family_robot_ws/install/web_wenxun_sender_node/share/web_wenxun_sender_node/hook/pythonpath.dsv'
[4.848s] INFO:colcon.colcon_core.shell:Creating environment hook '/opt/2026_product/family_robot_ws/install/web_wenxun_sender_node/share/web_wenxun_sender_node/hook/pythonpath.sh'
[4.849s] Level 1:colcon.colcon_core.environment:checking '/opt/2026_product/family_robot_ws/install/web_wenxun_sender_node/bin'
[4.849s] Level 1:colcon.colcon_core.environment:create_environment_scripts_only(web_wenxun_sender_node)
[4.850s] INFO:colcon.colcon_core.shell:Creating package script '/opt/2026_product/family_robot_ws/install/web_wenxun_sender_node/share/web_wenxun_sender_node/package.ps1'
[4.851s] DEBUG:colcon.colcon_core.event_handler.log_command:Invoked command in '/opt/2026_product/family_robot_ws/src/laofu_message/web_wenxun_sender_node' returned '0': AMENT_PREFIX_PATH=/opt/2026_product/family_robot_ws/install/wechat_interfaces:${AMENT_PREFIX_PATH} CMAKE_PREFIX_PATH=/opt/2026_product/family_robot_ws/install/wechat_interfaces LD_LIBRARY_PATH=/opt/2026_product/family_robot_ws/install/wechat_interfaces/lib:${LD_LIBRARY_PATH} PYTHONPATH=/opt/2026_product/family_robot_ws/build/web_wenxun_sender_node/prefix_override:/usr/lib/python3/dist-packages/colcon_core/task/python/colcon_distutils_commands:/opt/2026_product/family_robot_ws/install/web_wenxun_sender_node/lib/python3.10/site-packages:/opt/2026_product/family_robot_ws/install/wechat_interfaces/local/lib/python3.10/dist-packages:${PYTHONPATH} /usr/bin/python3 -W ignore:setup.py install is deprecated -W ignore:easy_install command is deprecated setup.py egg_info --egg-base ../../../build/web_wenxun_sender_node build --build-base /opt/2026_product/family_robot_ws/build/web_wenxun_sender_node/build install --record /opt/2026_product/family_robot_ws/build/web_wenxun_sender_node/install.log --single-version-externally-managed install_data
[4.852s] INFO:colcon.colcon_core.shell:Creating package descriptor '/opt/2026_product/family_robot_ws/install/web_wenxun_sender_node/share/web_wenxun_sender_node/package.dsv'
[4.852s] INFO:colcon.colcon_core.shell:Creating package script '/opt/2026_product/family_robot_ws/install/web_wenxun_sender_node/share/web_wenxun_sender_node/package.sh'
[4.853s] INFO:colcon.colcon_core.shell:Creating package script '/opt/2026_product/family_robot_ws/install/web_wenxun_sender_node/share/web_wenxun_sender_node/package.bash'
[4.854s] INFO:colcon.colcon_core.shell:Creating package script '/opt/2026_product/family_robot_ws/install/web_wenxun_sender_node/share/web_wenxun_sender_node/package.zsh'
[4.854s] Level 1:colcon.colcon_core.environment:create_file_with_runtime_dependencies(/opt/2026_product/family_robot_ws/install/web_wenxun_sender_node/share/colcon-core/packages/web_wenxun_sender_node)
[19.789s] DEBUG:colcon.colcon_core.event_handler.log_command:Invoked command in '/opt/2026_product/family_robot_ws/build/learn_compose' returned '0': CMAKE_PREFIX_PATH=/opt/ros/humble /usr/bin/cmake --build /opt/2026_product/family_robot_ws/build/learn_compose -- -j4 -l4
[19.791s] DEBUG:colcon.colcon_core.event_handler.log_command:Invoking command in '/opt/2026_product/family_robot_ws/build/learn_compose': CMAKE_PREFIX_PATH=/opt/ros/humble /usr/bin/cmake --install /opt/2026_product/family_robot_ws/build/learn_compose
[19.828s] Level 1:colcon.colcon_core.environment:create_environment_scripts_only(learn_compose)
[19.828s] Level 1:colcon.colcon_core.environment:checking '/opt/2026_product/family_robot_ws/install/learn_compose' for CMake module files
[19.830s] DEBUG:colcon.colcon_core.event_handler.log_command:Invoked command in '/opt/2026_product/family_robot_ws/build/learn_compose' returned '0': CMAKE_PREFIX_PATH=/opt/ros/humble /usr/bin/cmake --install /opt/2026_product/family_robot_ws/build/learn_compose
[19.830s] Level 1:colcon.colcon_core.environment:checking '/opt/2026_product/family_robot_ws/install/learn_compose' for CMake config files
[19.831s] Level 1:colcon.colcon_core.shell:create_environment_hook('learn_compose', 'cmake_prefix_path')
[19.831s] INFO:colcon.colcon_core.shell:Creating environment hook '/opt/2026_product/family_robot_ws/install/learn_compose/share/learn_compose/hook/cmake_prefix_path.ps1'
[19.832s] INFO:colcon.colcon_core.shell:Creating environment descriptor '/opt/2026_product/family_robot_ws/install/learn_compose/share/learn_compose/hook/cmake_prefix_path.dsv'
[19.832s] INFO:colcon.colcon_core.shell:Creating environment hook '/opt/2026_product/family_robot_ws/install/learn_compose/share/learn_compose/hook/cmake_prefix_path.sh'
[19.833s] Level 1:colcon.colcon_core.environment:checking '/opt/2026_product/family_robot_ws/install/learn_compose/lib'
[19.834s] Level 1:colcon.colcon_core.shell:create_environment_hook('learn_compose', 'ld_library_path_lib')
[19.834s] INFO:colcon.colcon_core.shell:Creating environment hook '/opt/2026_product/family_robot_ws/install/learn_compose/share/learn_compose/hook/ld_library_path_lib.ps1'
[19.835s] INFO:colcon.colcon_core.shell:Creating environment descriptor '/opt/2026_product/family_robot_ws/install/learn_compose/share/learn_compose/hook/ld_library_path_lib.dsv'
[19.835s] INFO:colcon.colcon_core.shell:Creating environment hook '/opt/2026_product/family_robot_ws/install/learn_compose/share/learn_compose/hook/ld_library_path_lib.sh'
[19.836s] Level 1:colcon.colcon_core.environment:checking '/opt/2026_product/family_robot_ws/install/learn_compose/bin'
[19.836s] Level 1:colcon.colcon_core.environment:checking '/opt/2026_product/family_robot_ws/install/learn_compose/lib/pkgconfig/learn_compose.pc'
[19.836s] Level 1:colcon.colcon_core.environment:checking '/opt/2026_product/family_robot_ws/install/learn_compose/lib/python3.10/site-packages'
[19.837s] Level 1:colcon.colcon_core.environment:checking '/opt/2026_product/family_robot_ws/install/learn_compose/bin'
[19.838s] INFO:colcon.colcon_core.shell:Creating package script '/opt/2026_product/family_robot_ws/install/learn_compose/share/learn_compose/package.ps1'
[19.838s] INFO:colcon.colcon_core.shell:Creating package descriptor '/opt/2026_product/family_robot_ws/install/learn_compose/share/learn_compose/package.dsv'
[19.839s] INFO:colcon.colcon_core.shell:Creating package script '/opt/2026_product/family_robot_ws/install/learn_compose/share/learn_compose/package.sh'
[19.840s] INFO:colcon.colcon_core.shell:Creating package script '/opt/2026_product/family_robot_ws/install/learn_compose/share/learn_compose/package.bash'
[19.841s] INFO:colcon.colcon_core.shell:Creating package script '/opt/2026_product/family_robot_ws/install/learn_compose/share/learn_compose/package.zsh'
[19.841s] Level 1:colcon.colcon_core.environment:create_file_with_runtime_dependencies(/opt/2026_product/family_robot_ws/install/learn_compose/share/colcon-core/packages/learn_compose)
[19.842s] Level 1:colcon.colcon_core.environment:create_environment_scripts_only(learn_compose)
[19.842s] Level 1:colcon.colcon_core.environment:checking '/opt/2026_product/family_robot_ws/install/learn_compose' for CMake module files
[19.843s] Level 1:colcon.colcon_core.environment:checking '/opt/2026_product/family_robot_ws/install/learn_compose' for CMake config files
[19.844s] Level 1:colcon.colcon_core.shell:create_environment_hook('learn_compose', 'cmake_prefix_path')
[19.844s] INFO:colcon.colcon_core.shell:Creating environment hook '/opt/2026_product/family_robot_ws/install/learn_compose/share/learn_compose/hook/cmake_prefix_path.ps1'
[19.845s] INFO:colcon.colcon_core.shell:Creating environment descriptor '/opt/2026_product/family_robot_ws/install/learn_compose/share/learn_compose/hook/cmake_prefix_path.dsv'
[19.845s] INFO:colcon.colcon_core.shell:Creating environment hook '/opt/2026_product/family_robot_ws/install/learn_compose/share/learn_compose/hook/cmake_prefix_path.sh'
[19.846s] Level 1:colcon.colcon_core.environment:checking '/opt/2026_product/family_robot_ws/install/learn_compose/lib'
[19.846s] Level 1:colcon.colcon_core.shell:create_environment_hook('learn_compose', 'ld_library_path_lib')
[19.847s] INFO:colcon.colcon_core.shell:Creating environment hook '/opt/2026_product/family_robot_ws/install/learn_compose/share/learn_compose/hook/ld_library_path_lib.ps1'
[19.847s] INFO:colcon.colcon_core.shell:Creating environment descriptor '/opt/2026_product/family_robot_ws/install/learn_compose/share/learn_compose/hook/ld_library_path_lib.dsv'
[19.848s] INFO:colcon.colcon_core.shell:Creating environment hook '/opt/2026_product/family_robot_ws/install/learn_compose/share/learn_compose/hook/ld_library_path_lib.sh'
[19.849s] Level 1:colcon.colcon_core.environment:checking '/opt/2026_product/family_robot_ws/install/learn_compose/bin'
[19.849s] Level 1:colcon.colcon_core.environment:checking '/opt/2026_product/family_robot_ws/install/learn_compose/lib/pkgconfig/learn_compose.pc'
[19.849s] Level 1:colcon.colcon_core.environment:checking '/opt/2026_product/family_robot_ws/install/learn_compose/lib/python3.10/site-packages'
[19.850s] Level 1:colcon.colcon_core.environment:checking '/opt/2026_product/family_robot_ws/install/learn_compose/bin'
[19.850s] INFO:colcon.colcon_core.shell:Creating package script '/opt/2026_product/family_robot_ws/install/learn_compose/share/learn_compose/package.ps1'
[19.851s] INFO:colcon.colcon_core.shell:Creating package descriptor '/opt/2026_product/family_robot_ws/install/learn_compose/share/learn_compose/package.dsv'
[19.852s] INFO:colcon.colcon_core.shell:Creating package script '/opt/2026_product/family_robot_ws/install/learn_compose/share/learn_compose/package.sh'
[19.853s] INFO:colcon.colcon_core.shell:Creating package script '/opt/2026_product/family_robot_ws/install/learn_compose/share/learn_compose/package.bash'
[19.854s] INFO:colcon.colcon_core.shell:Creating package script '/opt/2026_product/family_robot_ws/install/learn_compose/share/learn_compose/package.zsh'
[19.854s] Level 1:colcon.colcon_core.environment:create_file_with_runtime_dependencies(/opt/2026_product/family_robot_ws/install/learn_compose/share/colcon-core/packages/learn_compose)
[19.855s] DEBUG:colcon.colcon_parallel_executor.executor.parallel:closing loop
[19.855s] DEBUG:colcon.colcon_parallel_executor.executor.parallel:loop closed
[19.855s] DEBUG:colcon.colcon_parallel_executor.executor.parallel:run_until_complete finished with '0'
[19.855s] DEBUG:colcon.colcon_core.event_reactor:joining thread
[19.863s] INFO:colcon.colcon_core.plugin_system:Skipping extension 'colcon_notification.desktop_notification.terminal_notifier': Not used on non-Darwin systems
[19.863s] INFO:colcon.colcon_core.plugin_system:Skipping extension 'colcon_notification.desktop_notification.win32': Not used on non-Windows systems
[19.864s] INFO:colcon.colcon_notification.desktop_notification:Sending desktop notification using 'notify2'
[19.890s] DEBUG:colcon.colcon_core.event_reactor:joined thread
[19.891s] INFO:colcon.colcon_core.shell:Creating prefix script '/opt/2026_product/family_robot_ws/install/local_setup.ps1'
[19.893s] INFO:colcon.colcon_core.shell:Creating prefix util module '/opt/2026_product/family_robot_ws/install/_local_setup_util_ps1.py'
[19.895s] INFO:colcon.colcon_core.shell:Creating prefix chain script '/opt/2026_product/family_robot_ws/install/setup.ps1'
[19.897s] INFO:colcon.colcon_core.shell:Creating prefix script '/opt/2026_product/family_robot_ws/install/local_setup.sh'
[19.898s] INFO:colcon.colcon_core.shell:Creating prefix util module '/opt/2026_product/family_robot_ws/install/_local_setup_util_sh.py'
[19.899s] INFO:colcon.colcon_core.shell:Creating prefix chain script '/opt/2026_product/family_robot_ws/install/setup.sh'
[19.901s] INFO:colcon.colcon_core.shell:Creating prefix script '/opt/2026_product/family_robot_ws/install/local_setup.bash'
[19.902s] INFO:colcon.colcon_core.shell:Creating prefix chain script '/opt/2026_product/family_robot_ws/install/setup.bash'
[19.903s] INFO:colcon.colcon_core.shell:Creating prefix script '/opt/2026_product/family_robot_ws/install/local_setup.zsh'
[19.904s] INFO:colcon.colcon_core.shell:Creating prefix chain script '/opt/2026_product/family_robot_ws/install/setup.zsh'
