running egg_info
creating ../../../build/web_wenxun_sender_node/web_wenxun_sender_node.egg-info
writing manifest file '../../../build/web_wenxun_sender_node/web_wenxun_sender_node.egg-info/SOURCES.txt'
writing manifest file '../../../build/web_wenxun_sender_node/web_wenxun_sender_node.egg-info/SOURCES.txt'
running build
running build_py
creating /opt/2026_product/family_robot_ws/build/web_wenxun_sender_node/build
creating /opt/2026_product/family_robot_ws/build/web_wenxun_sender_node/build/lib
creating /opt/2026_product/family_robot_ws/build/web_wenxun_sender_node/build/lib/web_wenxun_sender_node
copying web_wenxun_sender_node/__init__.py -> /opt/2026_product/family_robot_ws/build/web_wenxun_sender_node/build/lib/web_wenxun_sender_node
copying web_wenxun_sender_node/web_wenxun_sender.py -> /opt/2026_product/family_robot_ws/build/web_wenxun_sender_node/build/lib/web_wenxun_sender_node
running install
running install_lib
creating /opt/2026_product/family_robot_ws/install/web_wenxun_sender_node/lib/python3.10/site-packages/web_wenxun_sender_node
copying /opt/2026_product/family_robot_ws/build/web_wenxun_sender_node/build/lib/web_wenxun_sender_node/__init__.py -> /opt/2026_product/family_robot_ws/install/web_wenxun_sender_node/lib/python3.10/site-packages/web_wenxun_sender_node
copying /opt/2026_product/family_robot_ws/build/web_wenxun_sender_node/build/lib/web_wenxun_sender_node/web_wenxun_sender.py -> /opt/2026_product/family_robot_ws/install/web_wenxun_sender_node/lib/python3.10/site-packages/web_wenxun_sender_node
byte-compiling /opt/2026_product/family_robot_ws/install/web_wenxun_sender_node/lib/python3.10/site-packages/web_wenxun_sender_node/__init__.py to __init__.cpython-310.pyc
byte-compiling /opt/2026_product/family_robot_ws/install/web_wenxun_sender_node/lib/python3.10/site-packages/web_wenxun_sender_node/web_wenxun_sender.py to web_wenxun_sender.cpython-310.pyc
running install_data
creating /opt/2026_product/family_robot_ws/install/web_wenxun_sender_node/share/ament_index
creating /opt/2026_product/family_robot_ws/install/web_wenxun_sender_node/share/ament_index/resource_index
creating /opt/2026_product/family_robot_ws/install/web_wenxun_sender_node/share/ament_index/resource_index/packages
copying resource/web_wenxun_sender_node -> /opt/2026_product/family_robot_ws/install/web_wenxun_sender_node/share/ament_index/resource_index/packages
copying package.xml -> /opt/2026_product/family_robot_ws/install/web_wenxun_sender_node/share/web_wenxun_sender_node
running install_egg_info
Copying ../../../build/web_wenxun_sender_node/web_wenxun_sender_node.egg-info to /opt/2026_product/family_robot_ws/install/web_wenxun_sender_node/lib/python3.10/site-packages/web_wenxun_sender_node-0.0.0-py3.10.egg-info
running install_scripts
writing list of installed files to '/opt/2026_product/family_robot_ws/build/web_wenxun_sender_node/install.log'
