[35m[1mConsolidate compiler generated dependencies of target head_node[0m
[100%] Built target head_node
-- Install configuration: ""
-- Up-to-date: /opt/2026_product/family_robot_ws/install/family_robot_head/lib/family_robot_head/head_node
-- Up-to-date: /opt/2026_product/family_robot_ws/install/family_robot_head/include/
-- Up-to-date: /opt/2026_product/family_robot_ws/install/family_robot_head/include//family_robot_head
-- Up-to-date: /opt/2026_product/family_robot_ws/install/family_robot_head/include//family_robot_head/head_node.hpp
-- Up-to-date: /opt/2026_product/family_robot_ws/install/family_robot_head/include//family_robot_head/head_node（复件）.hpp
-- Up-to-date: /opt/2026_product/family_robot_ws/install/family_robot_head/share/ament_index/resource_index/package_run_dependencies/family_robot_head
-- Up-to-date: /opt/2026_product/family_robot_ws/install/family_robot_head/share/ament_index/resource_index/parent_prefix_path/family_robot_head
-- Up-to-date: /opt/2026_product/family_robot_ws/install/family_robot_head/share/family_robot_head/environment/ament_prefix_path.sh
-- Up-to-date: /opt/2026_product/family_robot_ws/install/family_robot_head/share/family_robot_head/environment/ament_prefix_path.dsv
-- Up-to-date: /opt/2026_product/family_robot_ws/install/family_robot_head/share/family_robot_head/environment/path.sh
-- Up-to-date: /opt/2026_product/family_robot_ws/install/family_robot_head/share/family_robot_head/environment/path.dsv
-- Up-to-date: /opt/2026_product/family_robot_ws/install/family_robot_head/share/family_robot_head/local_setup.bash
-- Up-to-date: /opt/2026_product/family_robot_ws/install/family_robot_head/share/family_robot_head/local_setup.sh
-- Up-to-date: /opt/2026_product/family_robot_ws/install/family_robot_head/share/family_robot_head/local_setup.zsh
-- Up-to-date: /opt/2026_product/family_robot_ws/install/family_robot_head/share/family_robot_head/local_setup.dsv
-- Installing: /opt/2026_product/family_robot_ws/install/family_robot_head/share/family_robot_head/package.dsv
-- Up-to-date: /opt/2026_product/family_robot_ws/install/family_robot_head/share/ament_index/resource_index/packages/family_robot_head
-- Up-to-date: /opt/2026_product/family_robot_ws/install/family_robot_head/share/family_robot_head/cmake/family_robot_headConfig.cmake
-- Up-to-date: /opt/2026_product/family_robot_ws/install/family_robot_head/share/family_robot_head/cmake/family_robot_headConfig-version.cmake
-- Up-to-date: /opt/2026_product/family_robot_ws/install/family_robot_head/share/family_robot_head/package.xml
