[0.035s] Invoking command in '/opt/2026_product/family_robot_ws/build/family_robot_head': CMAKE_PREFIX_PATH=/opt/ros/humble /usr/bin/cmake --build /opt/2026_product/family_robot_ws/build/family_robot_head -- -j4 -l4
[0.132s] [35m[1mConsolidate compiler generated dependencies of target head_node[0m
[0.180s] [100%] Built target head_node
[0.841s] Invoked command in '/opt/2026_product/family_robot_ws/build/family_robot_head' returned '0': CMAKE_PREFIX_PATH=/opt/ros/humble /usr/bin/cmake --build /opt/2026_product/family_robot_ws/build/family_robot_head -- -j4 -l4
[0.867s] Invoking command in '/opt/2026_product/family_robot_ws/build/family_robot_head': CMAKE_PREFIX_PATH=/opt/ros/humble /usr/bin/cmake --install /opt/2026_product/family_robot_ws/build/family_robot_head
[0.884s] -- Install configuration: ""
[0.884s] -- Up-to-date: /opt/2026_product/family_robot_ws/install/family_robot_head/lib/family_robot_head/head_node
[0.884s] -- Up-to-date: /opt/2026_product/family_robot_ws/install/family_robot_head/include/
[0.885s] -- Up-to-date: /opt/2026_product/family_robot_ws/install/family_robot_head/include//family_robot_head
[0.885s] -- Up-to-date: /opt/2026_product/family_robot_ws/install/family_robot_head/include//family_robot_head/head_node.hpp
[0.885s] -- Up-to-date: /opt/2026_product/family_robot_ws/install/family_robot_head/include//family_robot_head/head_node（复件）.hpp
[0.885s] -- Up-to-date: /opt/2026_product/family_robot_ws/install/family_robot_head/share/ament_index/resource_index/package_run_dependencies/family_robot_head
[0.885s] -- Up-to-date: /opt/2026_product/family_robot_ws/install/family_robot_head/share/ament_index/resource_index/parent_prefix_path/family_robot_head
[0.885s] -- Up-to-date: /opt/2026_product/family_robot_ws/install/family_robot_head/share/family_robot_head/environment/ament_prefix_path.sh
[0.886s] -- Up-to-date: /opt/2026_product/family_robot_ws/install/family_robot_head/share/family_robot_head/environment/ament_prefix_path.dsv
[0.886s] -- Up-to-date: /opt/2026_product/family_robot_ws/install/family_robot_head/share/family_robot_head/environment/path.sh
[0.886s] -- Up-to-date: /opt/2026_product/family_robot_ws/install/family_robot_head/share/family_robot_head/environment/path.dsv
[0.886s] -- Up-to-date: /opt/2026_product/family_robot_ws/install/family_robot_head/share/family_robot_head/local_setup.bash
[0.886s] -- Up-to-date: /opt/2026_product/family_robot_ws/install/family_robot_head/share/family_robot_head/local_setup.sh
[0.886s] -- Up-to-date: /opt/2026_product/family_robot_ws/install/family_robot_head/share/family_robot_head/local_setup.zsh
[0.886s] -- Up-to-date: /opt/2026_product/family_robot_ws/install/family_robot_head/share/family_robot_head/local_setup.dsv
[0.887s] -- Installing: /opt/2026_product/family_robot_ws/install/family_robot_head/share/family_robot_head/package.dsv
[0.887s] -- Up-to-date: /opt/2026_product/family_robot_ws/install/family_robot_head/share/ament_index/resource_index/packages/family_robot_head
[0.887s] -- Up-to-date: /opt/2026_product/family_robot_ws/install/family_robot_head/share/family_robot_head/cmake/family_robot_headConfig.cmake
[0.887s] -- Up-to-date: /opt/2026_product/family_robot_ws/install/family_robot_head/share/family_robot_head/cmake/family_robot_headConfig-version.cmake
[0.887s] -- Up-to-date: /opt/2026_product/family_robot_ws/install/family_robot_head/share/family_robot_head/package.xml
[0.905s] Invoked command in '/opt/2026_product/family_robot_ws/build/family_robot_head' returned '0': CMAKE_PREFIX_PATH=/opt/ros/humble /usr/bin/cmake --install /opt/2026_product/family_robot_ws/build/family_robot_head
