[0.035s] Invoking command in '/opt/2026_product/family_robot_ws/build/wechat_interfaces': CMAKE_PREFIX_PATH=/opt/ros/humble /usr/bin/cmake --build /opt/2026_product/family_robot_ws/build/wechat_interfaces -- -j4 -l4
[0.088s] [35m[1mConsolidate compiler generated dependencies of target wechat_interfaces__rosidl_generator_c[0m
[0.134s] [  9%] Built target wechat_interfaces__rosidl_generator_c
[0.140s] [  9%] Built target ament_cmake_python_copy_wechat_interfaces
[0.151s] [ 12%] Built target wechat_interfaces__cpp
[0.168s] [35m[1mConsolidate compiler generated dependencies of target wechat_interfaces__rosidl_typesupport_introspection_c[0m
[0.172s] [35m[1mConsolidate compiler generated dependencies of target wechat_interfaces__rosidl_typesupport_fastrtps_c[0m
[0.200s] [35m[1mConsolidate compiler generated dependencies of target wechat_interfaces__rosidl_typesupport_c[0m
[0.215s] [ 22%] Built target wechat_interfaces__rosidl_typesupport_introspection_c
[0.247s] [ 32%] Built target wechat_interfaces__rosidl_typesupport_fastrtps_c
[0.262s] [ 41%] Built target wechat_interfaces__rosidl_typesupport_c
[0.306s] [35m[1mConsolidate compiler generated dependencies of target wechat_interfaces__rosidl_typesupport_fastrtps_cpp[0m
[0.310s] [35m[1mConsolidate compiler generated dependencies of target wechat_interfaces__rosidl_typesupport_cpp[0m
[0.317s] [35m[1mConsolidate compiler generated dependencies of target wechat_interfaces__rosidl_typesupport_introspection_cpp[0m
[0.371s] [ 51%] Built target wechat_interfaces__rosidl_typesupport_fastrtps_cpp
[0.411s] [ 61%] Built target wechat_interfaces__rosidl_typesupport_cpp
[0.419s] [ 70%] Built target wechat_interfaces__rosidl_typesupport_introspection_cpp
[0.532s] [ 70%] Built target wechat_interfaces
[0.643s] [ 74%] Built target wechat_interfaces__py
[0.695s] [35m[1mConsolidate compiler generated dependencies of target wechat_interfaces__rosidl_generator_py[0m
[0.747s] [ 80%] Built target wechat_interfaces__rosidl_generator_py
[0.808s] [35m[1mConsolidate compiler generated dependencies of target wechat_interfaces__rosidl_typesupport_fastrtps_c__pyext[0m
[0.812s] [35m[1mConsolidate compiler generated dependencies of target wechat_interfaces__rosidl_typesupport_introspection_c__pyext[0m
[0.828s] [35m[1mConsolidate compiler generated dependencies of target wechat_interfaces__rosidl_typesupport_c__pyext[0m
[0.851s] running egg_info
[0.851s] writing manifest file 'wechat_interfaces.egg-info/SOURCES.txt'
[0.855s] [ 87%] Built target wechat_interfaces__rosidl_typesupport_introspection_c__pyext
[0.867s] [ 93%] Built target wechat_interfaces__rosidl_typesupport_c__pyext
[0.870s] [100%] Built target wechat_interfaces__rosidl_typesupport_fastrtps_c__pyext
[0.927s] [100%] Built target ament_cmake_python_build_wechat_interfaces_egg
[1.040s] Invoked command in '/opt/2026_product/family_robot_ws/build/wechat_interfaces' returned '0': CMAKE_PREFIX_PATH=/opt/ros/humble /usr/bin/cmake --build /opt/2026_product/family_robot_ws/build/wechat_interfaces -- -j4 -l4
[1.043s] Invoking command in '/opt/2026_product/family_robot_ws/build/wechat_interfaces': CMAKE_PREFIX_PATH=/opt/ros/humble /usr/bin/cmake --install /opt/2026_product/family_robot_ws/build/wechat_interfaces
[1.063s] -- Install configuration: ""
[1.064s] -- Up-to-date: /opt/2026_product/family_robot_ws/install/wechat_interfaces/share/ament_index/resource_index/rosidl_interfaces/wechat_interfaces
[1.064s] -- Up-to-date: /opt/2026_product/family_robot_ws/install/wechat_interfaces/include/wechat_interfaces/wechat_interfaces
[1.065s] -- Up-to-date: /opt/2026_product/family_robot_ws/install/wechat_interfaces/include/wechat_interfaces/wechat_interfaces/srv
[1.065s] -- Up-to-date: /opt/2026_product/family_robot_ws/install/wechat_interfaces/include/wechat_interfaces/wechat_interfaces/srv/we_chat_message.h
[1.065s] -- Up-to-date: /opt/2026_product/family_robot_ws/install/wechat_interfaces/include/wechat_interfaces/wechat_interfaces/srv/detail
[1.065s] -- Up-to-date: /opt/2026_product/family_robot_ws/install/wechat_interfaces/include/wechat_interfaces/wechat_interfaces/srv/detail/we_chat_message__functions.h
[1.065s] -- Up-to-date: /opt/2026_product/family_robot_ws/install/wechat_interfaces/include/wechat_interfaces/wechat_interfaces/srv/detail/we_chat_message__struct.h
[1.065s] -- Up-to-date: /opt/2026_product/family_robot_ws/install/wechat_interfaces/include/wechat_interfaces/wechat_interfaces/srv/detail/we_chat_message__type_support.h
[1.066s] -- Up-to-date: /opt/2026_product/family_robot_ws/install/wechat_interfaces/include/wechat_interfaces/wechat_interfaces/srv/detail/we_chat_message__functions.c
[1.066s] -- Up-to-date: /opt/2026_product/family_robot_ws/install/wechat_interfaces/include/wechat_interfaces/wechat_interfaces/msg
[1.066s] -- Up-to-date: /opt/2026_product/family_robot_ws/install/wechat_interfaces/include/wechat_interfaces/wechat_interfaces/msg/rosidl_generator_c__visibility_control.h
[1.066s] -- Up-to-date: /opt/2026_product/family_robot_ws/install/wechat_interfaces/share/wechat_interfaces/environment/library_path.sh
[1.066s] -- Up-to-date: /opt/2026_product/family_robot_ws/install/wechat_interfaces/share/wechat_interfaces/environment/library_path.dsv
[1.066s] -- Up-to-date: /opt/2026_product/family_robot_ws/install/wechat_interfaces/lib/libwechat_interfaces__rosidl_generator_c.so
[1.067s] -- Up-to-date: /opt/2026_product/family_robot_ws/install/wechat_interfaces/include/wechat_interfaces/wechat_interfaces
[1.067s] -- Up-to-date: /opt/2026_product/family_robot_ws/install/wechat_interfaces/include/wechat_interfaces/wechat_interfaces/srv
[1.067s] -- Up-to-date: /opt/2026_product/family_robot_ws/install/wechat_interfaces/include/wechat_interfaces/wechat_interfaces/srv/detail
[1.067s] -- Up-to-date: /opt/2026_product/family_robot_ws/install/wechat_interfaces/include/wechat_interfaces/wechat_interfaces/srv/detail/we_chat_message__rosidl_typesupport_fastrtps_c.h
[1.067s] -- Up-to-date: /opt/2026_product/family_robot_ws/install/wechat_interfaces/include/wechat_interfaces/wechat_interfaces/msg
[1.067s] -- Up-to-date: /opt/2026_product/family_robot_ws/install/wechat_interfaces/include/wechat_interfaces/wechat_interfaces/msg/rosidl_typesupport_fastrtps_c__visibility_control.h
[1.067s] -- Up-to-date: /opt/2026_product/family_robot_ws/install/wechat_interfaces/lib/libwechat_interfaces__rosidl_typesupport_fastrtps_c.so
[1.068s] -- Up-to-date: /opt/2026_product/family_robot_ws/install/wechat_interfaces/include/wechat_interfaces/wechat_interfaces
[1.068s] -- Up-to-date: /opt/2026_product/family_robot_ws/install/wechat_interfaces/include/wechat_interfaces/wechat_interfaces/srv
[1.068s] -- Up-to-date: /opt/2026_product/family_robot_ws/install/wechat_interfaces/include/wechat_interfaces/wechat_interfaces/srv/detail
[1.068s] -- Up-to-date: /opt/2026_product/family_robot_ws/install/wechat_interfaces/include/wechat_interfaces/wechat_interfaces/srv/detail/we_chat_message__rosidl_typesupport_introspection_c.h
[1.068s] -- Up-to-date: /opt/2026_product/family_robot_ws/install/wechat_interfaces/include/wechat_interfaces/wechat_interfaces/srv/detail/we_chat_message__type_support.c
[1.068s] -- Up-to-date: /opt/2026_product/family_robot_ws/install/wechat_interfaces/include/wechat_interfaces/wechat_interfaces/msg
[1.069s] -- Up-to-date: /opt/2026_product/family_robot_ws/install/wechat_interfaces/include/wechat_interfaces/wechat_interfaces/msg/rosidl_typesupport_introspection_c__visibility_control.h
[1.069s] -- Up-to-date: /opt/2026_product/family_robot_ws/install/wechat_interfaces/lib/libwechat_interfaces__rosidl_typesupport_introspection_c.so
[1.069s] -- Up-to-date: /opt/2026_product/family_robot_ws/install/wechat_interfaces/lib/libwechat_interfaces__rosidl_typesupport_c.so
[1.069s] -- Up-to-date: /opt/2026_product/family_robot_ws/install/wechat_interfaces/include/wechat_interfaces/wechat_interfaces
[1.070s] -- Up-to-date: /opt/2026_product/family_robot_ws/install/wechat_interfaces/include/wechat_interfaces/wechat_interfaces/srv
[1.070s] -- Up-to-date: /opt/2026_product/family_robot_ws/install/wechat_interfaces/include/wechat_interfaces/wechat_interfaces/srv/we_chat_message.hpp
[1.070s] -- Up-to-date: /opt/2026_product/family_robot_ws/install/wechat_interfaces/include/wechat_interfaces/wechat_interfaces/srv/detail
[1.070s] -- Up-to-date: /opt/2026_product/family_robot_ws/install/wechat_interfaces/include/wechat_interfaces/wechat_interfaces/srv/detail/we_chat_message__traits.hpp
[1.070s] -- Up-to-date: /opt/2026_product/family_robot_ws/install/wechat_interfaces/include/wechat_interfaces/wechat_interfaces/srv/detail/we_chat_message__builder.hpp
[1.070s] -- Up-to-date: /opt/2026_product/family_robot_ws/install/wechat_interfaces/include/wechat_interfaces/wechat_interfaces/srv/detail/we_chat_message__struct.hpp
[1.070s] -- Up-to-date: /opt/2026_product/family_robot_ws/install/wechat_interfaces/include/wechat_interfaces/wechat_interfaces/srv/detail/we_chat_message__type_support.hpp
[1.071s] -- Up-to-date: /opt/2026_product/family_robot_ws/install/wechat_interfaces/include/wechat_interfaces/wechat_interfaces/msg
[1.071s] -- Up-to-date: /opt/2026_product/family_robot_ws/install/wechat_interfaces/include/wechat_interfaces/wechat_interfaces/msg/rosidl_generator_cpp__visibility_control.hpp
[1.071s] -- Up-to-date: /opt/2026_product/family_robot_ws/install/wechat_interfaces/include/wechat_interfaces/wechat_interfaces
[1.071s] -- Up-to-date: /opt/2026_product/family_robot_ws/install/wechat_interfaces/include/wechat_interfaces/wechat_interfaces/srv
[1.071s] -- Up-to-date: /opt/2026_product/family_robot_ws/install/wechat_interfaces/include/wechat_interfaces/wechat_interfaces/srv/detail
[1.071s] -- Up-to-date: /opt/2026_product/family_robot_ws/install/wechat_interfaces/include/wechat_interfaces/wechat_interfaces/srv/detail/dds_fastrtps
[1.072s] -- Up-to-date: /opt/2026_product/family_robot_ws/install/wechat_interfaces/include/wechat_interfaces/wechat_interfaces/srv/detail/we_chat_message__rosidl_typesupport_fastrtps_cpp.hpp
[1.072s] -- Up-to-date: /opt/2026_product/family_robot_ws/install/wechat_interfaces/include/wechat_interfaces/wechat_interfaces/msg
[1.072s] -- Up-to-date: /opt/2026_product/family_robot_ws/install/wechat_interfaces/include/wechat_interfaces/wechat_interfaces/msg/rosidl_typesupport_fastrtps_cpp__visibility_control.h
[1.072s] -- Up-to-date: /opt/2026_product/family_robot_ws/install/wechat_interfaces/lib/libwechat_interfaces__rosidl_typesupport_fastrtps_cpp.so
[1.072s] -- Up-to-date: /opt/2026_product/family_robot_ws/install/wechat_interfaces/include/wechat_interfaces/wechat_interfaces
[1.072s] -- Up-to-date: /opt/2026_product/family_robot_ws/install/wechat_interfaces/include/wechat_interfaces/wechat_interfaces/srv
[1.072s] -- Up-to-date: /opt/2026_product/family_robot_ws/install/wechat_interfaces/include/wechat_interfaces/wechat_interfaces/srv/detail
[1.073s] -- Up-to-date: /opt/2026_product/family_robot_ws/install/wechat_interfaces/include/wechat_interfaces/wechat_interfaces/srv/detail/we_chat_message__rosidl_typesupport_introspection_cpp.hpp
[1.073s] -- Up-to-date: /opt/2026_product/family_robot_ws/install/wechat_interfaces/include/wechat_interfaces/wechat_interfaces/srv/detail/we_chat_message__type_support.cpp
[1.073s] -- Up-to-date: /opt/2026_product/family_robot_ws/install/wechat_interfaces/lib/libwechat_interfaces__rosidl_typesupport_introspection_cpp.so
[1.073s] -- Up-to-date: /opt/2026_product/family_robot_ws/install/wechat_interfaces/lib/libwechat_interfaces__rosidl_typesupport_cpp.so
[1.073s] -- Up-to-date: /opt/2026_product/family_robot_ws/install/wechat_interfaces/share/wechat_interfaces/environment/pythonpath.sh
[1.073s] -- Up-to-date: /opt/2026_product/family_robot_ws/install/wechat_interfaces/share/wechat_interfaces/environment/pythonpath.dsv
[1.074s] -- Up-to-date: /opt/2026_product/family_robot_ws/install/wechat_interfaces/local/lib/python3.10/dist-packages/wechat_interfaces-0.0.0-py3.10.egg-info
[1.074s] -- Installing: /opt/2026_product/family_robot_ws/install/wechat_interfaces/local/lib/python3.10/dist-packages/wechat_interfaces-0.0.0-py3.10.egg-info/PKG-INFO
[1.074s] -- Installing: /opt/2026_product/family_robot_ws/install/wechat_interfaces/local/lib/python3.10/dist-packages/wechat_interfaces-0.0.0-py3.10.egg-info/dependency_links.txt
[1.074s] -- Installing: /opt/2026_product/family_robot_ws/install/wechat_interfaces/local/lib/python3.10/dist-packages/wechat_interfaces-0.0.0-py3.10.egg-info/top_level.txt
[1.074s] -- Installing: /opt/2026_product/family_robot_ws/install/wechat_interfaces/local/lib/python3.10/dist-packages/wechat_interfaces-0.0.0-py3.10.egg-info/SOURCES.txt
[1.074s] -- Up-to-date: /opt/2026_product/family_robot_ws/install/wechat_interfaces/local/lib/python3.10/dist-packages/wechat_interfaces
[1.074s] -- Up-to-date: /opt/2026_product/family_robot_ws/install/wechat_interfaces/local/lib/python3.10/dist-packages/wechat_interfaces/srv
[1.075s] -- Up-to-date: /opt/2026_product/family_robot_ws/install/wechat_interfaces/local/lib/python3.10/dist-packages/wechat_interfaces/srv/_we_chat_message.py
[1.075s] -- Up-to-date: /opt/2026_product/family_robot_ws/install/wechat_interfaces/local/lib/python3.10/dist-packages/wechat_interfaces/srv/__init__.py
[1.075s] -- Up-to-date: /opt/2026_product/family_robot_ws/install/wechat_interfaces/local/lib/python3.10/dist-packages/wechat_interfaces/srv/_we_chat_message_s.c
[1.075s] -- Up-to-date: /opt/2026_product/family_robot_ws/install/wechat_interfaces/local/lib/python3.10/dist-packages/wechat_interfaces/_wechat_interfaces_s.ep.rosidl_typesupport_fastrtps_c.c
[1.075s] -- Up-to-date: /opt/2026_product/family_robot_ws/install/wechat_interfaces/local/lib/python3.10/dist-packages/wechat_interfaces/wechat_interfaces_s__rosidl_typesupport_fastrtps_c.cpython-310-x86_64-linux-gnu.so
[1.075s] -- Up-to-date: /opt/2026_product/family_robot_ws/install/wechat_interfaces/local/lib/python3.10/dist-packages/wechat_interfaces/_wechat_interfaces_s.ep.rosidl_typesupport_introspection_c.c
[1.076s] -- Up-to-date: /opt/2026_product/family_robot_ws/install/wechat_interfaces/local/lib/python3.10/dist-packages/wechat_interfaces/__init__.py
[1.076s] -- Up-to-date: /opt/2026_product/family_robot_ws/install/wechat_interfaces/local/lib/python3.10/dist-packages/wechat_interfaces/_wechat_interfaces_s.ep.rosidl_typesupport_c.c
[1.076s] -- Up-to-date: /opt/2026_product/family_robot_ws/install/wechat_interfaces/local/lib/python3.10/dist-packages/wechat_interfaces/wechat_interfaces_s__rosidl_typesupport_c.cpython-310-x86_64-linux-gnu.so
[1.076s] -- Up-to-date: /opt/2026_product/family_robot_ws/install/wechat_interfaces/local/lib/python3.10/dist-packages/wechat_interfaces/libwechat_interfaces__rosidl_generator_py.so
[1.076s] -- Up-to-date: /opt/2026_product/family_robot_ws/install/wechat_interfaces/local/lib/python3.10/dist-packages/wechat_interfaces/wechat_interfaces_s__rosidl_typesupport_introspection_c.cpython-310-x86_64-linux-gnu.so
[1.173s] Listing '/opt/2026_product/family_robot_ws/install/wechat_interfaces/local/lib/python3.10/dist-packages/wechat_interfaces'...
[1.174s] Listing '/opt/2026_product/family_robot_ws/install/wechat_interfaces/local/lib/python3.10/dist-packages/wechat_interfaces/srv'...
[1.181s] -- Up-to-date: /opt/2026_product/family_robot_ws/install/wechat_interfaces/local/lib/python3.10/dist-packages/wechat_interfaces/wechat_interfaces_s__rosidl_typesupport_fastrtps_c.cpython-310-x86_64-linux-gnu.so
[1.181s] -- Up-to-date: /opt/2026_product/family_robot_ws/install/wechat_interfaces/local/lib/python3.10/dist-packages/wechat_interfaces/wechat_interfaces_s__rosidl_typesupport_introspection_c.cpython-310-x86_64-linux-gnu.so
[1.182s] -- Up-to-date: /opt/2026_product/family_robot_ws/install/wechat_interfaces/local/lib/python3.10/dist-packages/wechat_interfaces/wechat_interfaces_s__rosidl_typesupport_c.cpython-310-x86_64-linux-gnu.so
[1.182s] -- Up-to-date: /opt/2026_product/family_robot_ws/install/wechat_interfaces/lib/libwechat_interfaces__rosidl_generator_py.so
[1.182s] -- Up-to-date: /opt/2026_product/family_robot_ws/install/wechat_interfaces/share/wechat_interfaces/srv/WeChatMessage.idl
[1.183s] -- Up-to-date: /opt/2026_product/family_robot_ws/install/wechat_interfaces/share/wechat_interfaces/srv/WeChatMessage.srv
[1.183s] -- Up-to-date: /opt/2026_product/family_robot_ws/install/wechat_interfaces/share/wechat_interfaces/srv/WeChatMessage_Request.msg
[1.183s] -- Up-to-date: /opt/2026_product/family_robot_ws/install/wechat_interfaces/share/wechat_interfaces/srv/WeChatMessage_Response.msg
[1.183s] -- Up-to-date: /opt/2026_product/family_robot_ws/install/wechat_interfaces/share/ament_index/resource_index/package_run_dependencies/wechat_interfaces
[1.183s] -- Up-to-date: /opt/2026_product/family_robot_ws/install/wechat_interfaces/share/ament_index/resource_index/parent_prefix_path/wechat_interfaces
[1.184s] -- Up-to-date: /opt/2026_product/family_robot_ws/install/wechat_interfaces/share/wechat_interfaces/environment/ament_prefix_path.sh
[1.184s] -- Up-to-date: /opt/2026_product/family_robot_ws/install/wechat_interfaces/share/wechat_interfaces/environment/ament_prefix_path.dsv
[1.184s] -- Up-to-date: /opt/2026_product/family_robot_ws/install/wechat_interfaces/share/wechat_interfaces/environment/path.sh
[1.184s] -- Up-to-date: /opt/2026_product/family_robot_ws/install/wechat_interfaces/share/wechat_interfaces/environment/path.dsv
[1.184s] -- Up-to-date: /opt/2026_product/family_robot_ws/install/wechat_interfaces/share/wechat_interfaces/local_setup.bash
[1.184s] -- Up-to-date: /opt/2026_product/family_robot_ws/install/wechat_interfaces/share/wechat_interfaces/local_setup.sh
[1.185s] -- Up-to-date: /opt/2026_product/family_robot_ws/install/wechat_interfaces/share/wechat_interfaces/local_setup.zsh
[1.185s] -- Up-to-date: /opt/2026_product/family_robot_ws/install/wechat_interfaces/share/wechat_interfaces/local_setup.dsv
[1.185s] -- Installing: /opt/2026_product/family_robot_ws/install/wechat_interfaces/share/wechat_interfaces/package.dsv
[1.185s] -- Up-to-date: /opt/2026_product/family_robot_ws/install/wechat_interfaces/share/ament_index/resource_index/packages/wechat_interfaces
[1.186s] -- Up-to-date: /opt/2026_product/family_robot_ws/install/wechat_interfaces/share/wechat_interfaces/cmake/export_wechat_interfaces__rosidl_generator_cExport.cmake
[1.186s] -- Up-to-date: /opt/2026_product/family_robot_ws/install/wechat_interfaces/share/wechat_interfaces/cmake/export_wechat_interfaces__rosidl_generator_cExport-noconfig.cmake
[1.186s] -- Up-to-date: /opt/2026_product/family_robot_ws/install/wechat_interfaces/share/wechat_interfaces/cmake/export_wechat_interfaces__rosidl_typesupport_fastrtps_cExport.cmake
[1.186s] -- Up-to-date: /opt/2026_product/family_robot_ws/install/wechat_interfaces/share/wechat_interfaces/cmake/export_wechat_interfaces__rosidl_typesupport_fastrtps_cExport-noconfig.cmake
[1.186s] -- Up-to-date: /opt/2026_product/family_robot_ws/install/wechat_interfaces/share/wechat_interfaces/cmake/wechat_interfaces__rosidl_typesupport_introspection_cExport.cmake
[1.186s] -- Up-to-date: /opt/2026_product/family_robot_ws/install/wechat_interfaces/share/wechat_interfaces/cmake/wechat_interfaces__rosidl_typesupport_introspection_cExport-noconfig.cmake
[1.187s] -- Up-to-date: /opt/2026_product/family_robot_ws/install/wechat_interfaces/share/wechat_interfaces/cmake/wechat_interfaces__rosidl_typesupport_cExport.cmake
[1.187s] -- Up-to-date: /opt/2026_product/family_robot_ws/install/wechat_interfaces/share/wechat_interfaces/cmake/wechat_interfaces__rosidl_typesupport_cExport-noconfig.cmake
[1.187s] -- Up-to-date: /opt/2026_product/family_robot_ws/install/wechat_interfaces/share/wechat_interfaces/cmake/export_wechat_interfaces__rosidl_generator_cppExport.cmake
[1.188s] -- Up-to-date: /opt/2026_product/family_robot_ws/install/wechat_interfaces/share/wechat_interfaces/cmake/export_wechat_interfaces__rosidl_typesupport_fastrtps_cppExport.cmake
[1.188s] -- Up-to-date: /opt/2026_product/family_robot_ws/install/wechat_interfaces/share/wechat_interfaces/cmake/export_wechat_interfaces__rosidl_typesupport_fastrtps_cppExport-noconfig.cmake
[1.188s] -- Up-to-date: /opt/2026_product/family_robot_ws/install/wechat_interfaces/share/wechat_interfaces/cmake/wechat_interfaces__rosidl_typesupport_introspection_cppExport.cmake
[1.188s] -- Up-to-date: /opt/2026_product/family_robot_ws/install/wechat_interfaces/share/wechat_interfaces/cmake/wechat_interfaces__rosidl_typesupport_introspection_cppExport-noconfig.cmake
[1.188s] -- Up-to-date: /opt/2026_product/family_robot_ws/install/wechat_interfaces/share/wechat_interfaces/cmake/wechat_interfaces__rosidl_typesupport_cppExport.cmake
[1.188s] -- Up-to-date: /opt/2026_product/family_robot_ws/install/wechat_interfaces/share/wechat_interfaces/cmake/wechat_interfaces__rosidl_typesupport_cppExport-noconfig.cmake
[1.189s] -- Up-to-date: /opt/2026_product/family_robot_ws/install/wechat_interfaces/share/wechat_interfaces/cmake/export_wechat_interfaces__rosidl_generator_pyExport.cmake
[1.189s] -- Up-to-date: /opt/2026_product/family_robot_ws/install/wechat_interfaces/share/wechat_interfaces/cmake/export_wechat_interfaces__rosidl_generator_pyExport-noconfig.cmake
[1.189s] -- Up-to-date: /opt/2026_product/family_robot_ws/install/wechat_interfaces/share/wechat_interfaces/cmake/rosidl_cmake-extras.cmake
[1.189s] -- Up-to-date: /opt/2026_product/family_robot_ws/install/wechat_interfaces/share/wechat_interfaces/cmake/ament_cmake_export_dependencies-extras.cmake
[1.189s] -- Up-to-date: /opt/2026_product/family_robot_ws/install/wechat_interfaces/share/wechat_interfaces/cmake/ament_cmake_export_include_directories-extras.cmake
[1.189s] -- Up-to-date: /opt/2026_product/family_robot_ws/install/wechat_interfaces/share/wechat_interfaces/cmake/ament_cmake_export_libraries-extras.cmake
[1.190s] -- Up-to-date: /opt/2026_product/family_robot_ws/install/wechat_interfaces/share/wechat_interfaces/cmake/ament_cmake_export_targets-extras.cmake
[1.190s] -- Up-to-date: /opt/2026_product/family_robot_ws/install/wechat_interfaces/share/wechat_interfaces/cmake/rosidl_cmake_export_typesupport_targets-extras.cmake
[1.190s] -- Up-to-date: /opt/2026_product/family_robot_ws/install/wechat_interfaces/share/wechat_interfaces/cmake/rosidl_cmake_export_typesupport_libraries-extras.cmake
[1.190s] -- Up-to-date: /opt/2026_product/family_robot_ws/install/wechat_interfaces/share/wechat_interfaces/cmake/wechat_interfacesConfig.cmake
[1.190s] -- Up-to-date: /opt/2026_product/family_robot_ws/install/wechat_interfaces/share/wechat_interfaces/cmake/wechat_interfacesConfig-version.cmake
[1.190s] -- Up-to-date: /opt/2026_product/family_robot_ws/install/wechat_interfaces/share/wechat_interfaces/package.xml
[1.751s] Invoked command in '/opt/2026_product/family_robot_ws/build/wechat_interfaces' returned '0': CMAKE_PREFIX_PATH=/opt/ros/humble /usr/bin/cmake --install /opt/2026_product/family_robot_ws/build/wechat_interfaces
