running egg_info
creating ../../build/yolov8_ros2/yolov8_ros2.egg-info
writing manifest file '../../build/yolov8_ros2/yolov8_ros2.egg-info/SOURCES.txt'
writing manifest file '../../build/yolov8_ros2/yolov8_ros2.egg-info/SOURCES.txt'
running build
running build_py
creating /opt/2026_product/family_robot_ws/build/yolov8_ros2/build
creating /opt/2026_product/family_robot_ws/build/yolov8_ros2/build/lib
creating /opt/2026_product/family_robot_ws/build/yolov8_ros2/build/lib/yolov8_ros2
copying yolov8_ros2/publish_image.py -> /opt/2026_product/family_robot_ws/build/yolov8_ros2/build/lib/yolov8_ros2
copying yolov8_ros2/__init__.py -> /opt/2026_product/family_robot_ws/build/yolov8_ros2/build/lib/yolov8_ros2
copying yolov8_ros2/yolov8_ros2.py -> /opt/2026_product/family_robot_ws/build/yolov8_ros2/build/lib/yolov8_ros2
copying yolov8_ros2/yolov8_ros2（另一个复件）.py -> /opt/2026_product/family_robot_ws/build/yolov8_ros2/build/lib/yolov8_ros2
running install
running install_lib
creating /opt/2026_product/family_robot_ws/install/yolov8_ros2/lib/python3.10/site-packages/yolov8_ros2
copying /opt/2026_product/family_robot_ws/build/yolov8_ros2/build/lib/yolov8_ros2/publish_image.py -> /opt/2026_product/family_robot_ws/install/yolov8_ros2/lib/python3.10/site-packages/yolov8_ros2
copying /opt/2026_product/family_robot_ws/build/yolov8_ros2/build/lib/yolov8_ros2/__init__.py -> /opt/2026_product/family_robot_ws/install/yolov8_ros2/lib/python3.10/site-packages/yolov8_ros2
copying /opt/2026_product/family_robot_ws/build/yolov8_ros2/build/lib/yolov8_ros2/yolov8_ros2.py -> /opt/2026_product/family_robot_ws/install/yolov8_ros2/lib/python3.10/site-packages/yolov8_ros2
copying /opt/2026_product/family_robot_ws/build/yolov8_ros2/build/lib/yolov8_ros2/yolov8_ros2（另一个复件）.py -> /opt/2026_product/family_robot_ws/install/yolov8_ros2/lib/python3.10/site-packages/yolov8_ros2
byte-compiling /opt/2026_product/family_robot_ws/install/yolov8_ros2/lib/python3.10/site-packages/yolov8_ros2/publish_image.py to publish_image.cpython-310.pyc
byte-compiling /opt/2026_product/family_robot_ws/install/yolov8_ros2/lib/python3.10/site-packages/yolov8_ros2/__init__.py to __init__.cpython-310.pyc
byte-compiling /opt/2026_product/family_robot_ws/install/yolov8_ros2/lib/python3.10/site-packages/yolov8_ros2/yolov8_ros2.py to yolov8_ros2.cpython-310.pyc
byte-compiling /opt/2026_product/family_robot_ws/install/yolov8_ros2/lib/python3.10/site-packages/yolov8_ros2/yolov8_ros2（另一个复件）.py to yolov8_ros2（另一个复件）.cpython-310.pyc
running install_data
creating /opt/2026_product/family_robot_ws/install/yolov8_ros2/share/ament_index
creating /opt/2026_product/family_robot_ws/install/yolov8_ros2/share/ament_index/resource_index
creating /opt/2026_product/family_robot_ws/install/yolov8_ros2/share/ament_index/resource_index/packages
copying resource/yolov8_ros2 -> /opt/2026_product/family_robot_ws/install/yolov8_ros2/share/ament_index/resource_index/packages
copying package.xml -> /opt/2026_product/family_robot_ws/install/yolov8_ros2/share/yolov8_ros2
running install_egg_info
Copying ../../build/yolov8_ros2/yolov8_ros2.egg-info to /opt/2026_product/family_robot_ws/install/yolov8_ros2/lib/python3.10/site-packages/yolov8_ros2-0.0.0-py3.10.egg-info
running install_scripts
writing list of installed files to '/opt/2026_product/family_robot_ws/build/yolov8_ros2/install.log'
