[35m[1mConsolidate compiler generated dependencies of target talker_node[0m
[35m[1mConsolidate compiler generated dependencies of target listener_node[0m
[35m[1mConsolidate compiler generated dependencies of target listener_component[0m
[35m[1mConsolidate compiler generated dependencies of target talker_component[0m
[  8%] [32mBuilding CXX object CMakeFiles/listener_node.dir/src/listener.cpp.o[0m
[ 25%] Built target talker_node
[ 33%] [32mBuilding CXX object CMakeFiles/listener_component.dir/src/listener.cpp.o[0m
[ 50%] Built target talker_component
[35m[1mConsolidate compiler generated dependencies of target motion_detector_component[0m
[35m[1mConsolidate compiler generated dependencies of target motion_detector_node[0m
[ 66%] Built target motion_detector_component
[ 83%] Built target motion_detector_node
[ 91%] [32m[1mLinking CXX shared library liblistener_component.so[0m
[100%] [32m[1mLinking CXX executable listener_node[0m
[100%] Built target listener_component
[100%] Built target listener_node
-- Install configuration: ""
-- Up-to-date: /opt/2026_product/family_robot_ws/install/learn_compose/lib/learn_compose/talker_node
-- Installing: /opt/2026_product/family_robot_ws/install/learn_compose/lib/learn_compose/listener_node
-- Set runtime path of "/opt/2026_product/family_robot_ws/install/learn_compose/lib/learn_compose/listener_node" to ""
-- Up-to-date: /opt/2026_product/family_robot_ws/install/learn_compose/lib/learn_compose/motion_detector_node
-- Up-to-date: /opt/2026_product/family_robot_ws/install/learn_compose/lib/libtalker_component.so
-- Installing: /opt/2026_product/family_robot_ws/install/learn_compose/lib/liblistener_component.so
-- Set runtime path of "/opt/2026_product/family_robot_ws/install/learn_compose/lib/liblistener_component.so" to ""
-- Up-to-date: /opt/2026_product/family_robot_ws/install/learn_compose/lib/libmotion_detector_component.so
-- Up-to-date: /opt/2026_product/family_robot_ws/install/learn_compose/include/learn_compose
-- Up-to-date: /opt/2026_product/family_robot_ws/install/learn_compose/include/learn_compose/learn_compose
-- Up-to-date: /opt/2026_product/family_robot_ws/install/learn_compose/include/learn_compose/learn_compose/listener.hpp
-- Up-to-date: /opt/2026_product/family_robot_ws/install/learn_compose/include/learn_compose/learn_compose/motion_detector.hpp
-- Up-to-date: /opt/2026_product/family_robot_ws/install/learn_compose/include/learn_compose/learn_compose/talker.hpp
-- Up-to-date: /opt/2026_product/family_robot_ws/install/learn_compose/share/ament_index/resource_index/package_run_dependencies/learn_compose
-- Up-to-date: /opt/2026_product/family_robot_ws/install/learn_compose/share/ament_index/resource_index/parent_prefix_path/learn_compose
-- Up-to-date: /opt/2026_product/family_robot_ws/install/learn_compose/share/learn_compose/environment/ament_prefix_path.sh
-- Up-to-date: /opt/2026_product/family_robot_ws/install/learn_compose/share/learn_compose/environment/ament_prefix_path.dsv
-- Up-to-date: /opt/2026_product/family_robot_ws/install/learn_compose/share/learn_compose/environment/path.sh
-- Up-to-date: /opt/2026_product/family_robot_ws/install/learn_compose/share/learn_compose/environment/path.dsv
-- Up-to-date: /opt/2026_product/family_robot_ws/install/learn_compose/share/learn_compose/local_setup.bash
-- Up-to-date: /opt/2026_product/family_robot_ws/install/learn_compose/share/learn_compose/local_setup.sh
-- Up-to-date: /opt/2026_product/family_robot_ws/install/learn_compose/share/learn_compose/local_setup.zsh
-- Up-to-date: /opt/2026_product/family_robot_ws/install/learn_compose/share/learn_compose/local_setup.dsv
-- Installing: /opt/2026_product/family_robot_ws/install/learn_compose/share/learn_compose/package.dsv
-- Up-to-date: /opt/2026_product/family_robot_ws/install/learn_compose/share/ament_index/resource_index/packages/learn_compose
-- Up-to-date: /opt/2026_product/family_robot_ws/install/learn_compose/share/ament_index/resource_index/rclcpp_components/learn_compose
-- Up-to-date: /opt/2026_product/family_robot_ws/install/learn_compose/share/learn_compose/cmake/learn_composeConfig.cmake
-- Up-to-date: /opt/2026_product/family_robot_ws/install/learn_compose/share/learn_compose/cmake/learn_composeConfig-version.cmake
-- Up-to-date: /opt/2026_product/family_robot_ws/install/learn_compose/share/learn_compose/package.xml
