-- The C compiler identification is GNU 11.4.0
-- The CXX compiler identification is GNU 11.4.0
-- Detecting C compiler ABI info
-- Detecting C compiler ABI info - done
-- Check for working C compiler: /usr/bin/cc - skipped
-- Detecting C compile features
-- Detecting C compile features - done
-- Detecting CXX compiler ABI info
-- Detecting CXX compiler ABI info - done
-- Check for working CXX compiler: /usr/bin/c++ - skipped
-- Detecting CXX compile features
-- Detecting CXX compile features - done
-- Found ament_cmake: 1.3.12 (/opt/ros/humble/share/ament_cmake/cmake)
-- Found Python3: /usr/bin/python3 (found version "3.10.12") found components: Interpreter 
-- Found rclcpp: 16.0.17 (/opt/ros/humble/share/rclcpp/cmake)
-- Found rosidl_generator_c: 3.1.8 (/opt/ros/humble/share/rosidl_generator_c/cmake)
-- Found rosidl_adapter: 3.1.8 (/opt/ros/humble/share/rosidl_adapter/cmake)
-- Found rosidl_generator_cpp: 3.1.8 (/opt/ros/humble/share/rosidl_generator_cpp/cmake)
-- Using all available rosidl_typesupport_c: rosidl_typesupport_fastrtps_c;rosidl_typesupport_introspection_c
-- Using all available rosidl_typesupport_cpp: rosidl_typesupport_fastrtps_cpp;rosidl_typesupport_introspection_cpp
-- Found rmw_implementation_cmake: 6.1.2 (/opt/ros/humble/share/rmw_implementation_cmake/cmake)
-- Found rmw_fastrtps_cpp: 6.2.9 (/opt/ros/humble/share/rmw_fastrtps_cpp/cmake)
-- Found OpenSSL: /usr/lib/x86_64-linux-gnu/libcrypto.so (found version "3.0.2")  
-- Found FastRTPS: /opt/ros/humble/include  
-- Using RMW implementation 'rmw_fastrtps_cpp' as default
-- Looking for pthread.h
-- Looking for pthread.h - found
-- Performing Test CMAKE_HAVE_LIBC_PTHREAD
-- Performing Test CMAKE_HAVE_LIBC_PTHREAD - Success
-- Found Threads: TRUE  
-- Found sensor_msgs: 4.9.0 (/opt/ros/humble/share/sensor_msgs/cmake)
-- Found rclcpp_components: 16.0.17 (/opt/ros/humble/share/rclcpp_components/cmake)
-- Found cv_bridge: 3.2.1 (/opt/ros/humble/share/cv_bridge/cmake)
-- Found OpenCV: /usr (found version "4.5.4") found components: core videoio imgcodecs imgproc highgui objdetect face 
[33mCMake Warning at CMakeLists.txt:41 (message):
  
  根目录Config未找到：/home/hhc/family_robot_ws/src/video_face_move/config，运行时会自动创建

[0m
-- Found ament_lint_auto: 0.12.14 (/opt/ros/humble/share/ament_lint_auto/cmake)
-- Added test 'cppcheck' to perform static code analysis on C / C++ code
-- Configured cppcheck include dirs: /opt/2026_product/family_robot_ws/src/video_face_move/learn_compose/include;/opt/2026_product/family_robot_ws/src/video_face_move/learn_compose/include/learn_compose
-- Configured cppcheck exclude dirs and/or files: 
-- Added test 'lint_cmake' to check CMake code style
-- Added test 'uncrustify' to check C / C++ code style
-- Configured uncrustify additional arguments: 
-- Added test 'xmllint' to check XML markup files
-- 项目编译路径: /opt/2026_product/family_robot_ws/build/learn_compose
-- 安装路径: /opt/2026_product/family_robot_ws/install/learn_compose
-- Configuring done
-- Generating done
-- Build files have been written to: /opt/2026_product/family_robot_ws/build/learn_compose
[  8%] [32mBuilding CXX object CMakeFiles/talker_component.dir/src/talker.cpp.o[0m
[ 16%] [32mBuilding CXX object CMakeFiles/talker_node.dir/src/talker.cpp.o[0m
[ 25%] [32mBuilding CXX object CMakeFiles/listener_component.dir/src/listener.cpp.o[0m
[ 33%] [32mBuilding CXX object CMakeFiles/listener_node.dir/src/listener.cpp.o[0m
[ 41%] [32m[1mLinking CXX shared library libtalker_component.so[0m
[ 50%] [32m[1mLinking CXX executable talker_node[0m
[ 50%] Built target talker_component
[ 58%] [32mBuilding CXX object CMakeFiles/motion_detector_component.dir/src/motion_detector.cpp.o[0m
[ 58%] Built target talker_node
[ 66%] [32mBuilding CXX object CMakeFiles/motion_detector_node.dir/src/motion_detector.cpp.o[0m
[ 75%] [32m[1mLinking CXX executable listener_node[0m
[ 83%] [32m[1mLinking CXX shared library liblistener_component.so[0m
[ 83%] Built target listener_node
[ 83%] Built target listener_component
[ 91%] [32m[1mLinking CXX shared library libmotion_detector_component.so[0m
[ 91%] Built target motion_detector_component
[100%] [32m[1mLinking CXX executable motion_detector_node[0m
[100%] Built target motion_detector_node
-- Install configuration: ""
-- Installing: /opt/2026_product/family_robot_ws/install/learn_compose/lib/learn_compose/talker_node
-- Set runtime path of "/opt/2026_product/family_robot_ws/install/learn_compose/lib/learn_compose/talker_node" to ""
-- Installing: /opt/2026_product/family_robot_ws/install/learn_compose/lib/learn_compose/listener_node
-- Set runtime path of "/opt/2026_product/family_robot_ws/install/learn_compose/lib/learn_compose/listener_node" to ""
-- Installing: /opt/2026_product/family_robot_ws/install/learn_compose/lib/learn_compose/motion_detector_node
-- Set runtime path of "/opt/2026_product/family_robot_ws/install/learn_compose/lib/learn_compose/motion_detector_node" to ""
-- Installing: /opt/2026_product/family_robot_ws/install/learn_compose/lib/libtalker_component.so
-- Set runtime path of "/opt/2026_product/family_robot_ws/install/learn_compose/lib/libtalker_component.so" to ""
-- Installing: /opt/2026_product/family_robot_ws/install/learn_compose/lib/liblistener_component.so
-- Set runtime path of "/opt/2026_product/family_robot_ws/install/learn_compose/lib/liblistener_component.so" to ""
-- Installing: /opt/2026_product/family_robot_ws/install/learn_compose/lib/libmotion_detector_component.so
-- Set runtime path of "/opt/2026_product/family_robot_ws/install/learn_compose/lib/libmotion_detector_component.so" to ""
-- Installing: /opt/2026_product/family_robot_ws/install/learn_compose/include/learn_compose
-- Installing: /opt/2026_product/family_robot_ws/install/learn_compose/include/learn_compose/learn_compose
-- Installing: /opt/2026_product/family_robot_ws/install/learn_compose/include/learn_compose/learn_compose/listener.hpp
-- Installing: /opt/2026_product/family_robot_ws/install/learn_compose/include/learn_compose/learn_compose/motion_detector.hpp
-- Installing: /opt/2026_product/family_robot_ws/install/learn_compose/include/learn_compose/learn_compose/talker.hpp
-- Installing: /opt/2026_product/family_robot_ws/install/learn_compose/share/ament_index/resource_index/package_run_dependencies/learn_compose
-- Installing: /opt/2026_product/family_robot_ws/install/learn_compose/share/ament_index/resource_index/parent_prefix_path/learn_compose
-- Installing: /opt/2026_product/family_robot_ws/install/learn_compose/share/learn_compose/environment/ament_prefix_path.sh
-- Installing: /opt/2026_product/family_robot_ws/install/learn_compose/share/learn_compose/environment/ament_prefix_path.dsv
-- Installing: /opt/2026_product/family_robot_ws/install/learn_compose/share/learn_compose/environment/path.sh
-- Installing: /opt/2026_product/family_robot_ws/install/learn_compose/share/learn_compose/environment/path.dsv
-- Installing: /opt/2026_product/family_robot_ws/install/learn_compose/share/learn_compose/local_setup.bash
-- Installing: /opt/2026_product/family_robot_ws/install/learn_compose/share/learn_compose/local_setup.sh
-- Installing: /opt/2026_product/family_robot_ws/install/learn_compose/share/learn_compose/local_setup.zsh
-- Installing: /opt/2026_product/family_robot_ws/install/learn_compose/share/learn_compose/local_setup.dsv
-- Installing: /opt/2026_product/family_robot_ws/install/learn_compose/share/learn_compose/package.dsv
-- Installing: /opt/2026_product/family_robot_ws/install/learn_compose/share/ament_index/resource_index/packages/learn_compose
-- Installing: /opt/2026_product/family_robot_ws/install/learn_compose/share/ament_index/resource_index/rclcpp_components/learn_compose
-- Installing: /opt/2026_product/family_robot_ws/install/learn_compose/share/learn_compose/cmake/learn_composeConfig.cmake
-- Installing: /opt/2026_product/family_robot_ws/install/learn_compose/share/learn_compose/cmake/learn_composeConfig-version.cmake
-- Installing: /opt/2026_product/family_robot_ws/install/learn_compose/share/learn_compose/package.xml
