[0.031s] Invoking command in '/opt/2026_product/family_robot_ws/build/learn_compose': CMAKE_PREFIX_PATH=/opt/ros/humble /usr/bin/cmake /opt/2026_product/family_robot_ws/src/video_face_move/learn_compose -DCMAKE_INSTALL_PREFIX=/opt/2026_product/family_robot_ws/install/learn_compose
[0.663s] -- The C compiler identification is GNU 11.4.0
[1.336s] -- The CXX compiler identification is GNU 11.4.0
[1.362s] -- Detecting C compiler ABI info
[1.516s] -- Detecting C compiler ABI info - done
[1.536s] -- Check for working C compiler: /usr/bin/cc - skipped
[1.536s] -- Detecting C compile features
[1.537s] -- Detecting C compile features - done
[1.544s] -- Detecting CXX compiler ABI info
[1.697s] -- Detecting CXX compiler ABI info - done
[1.709s] -- Check for working CXX compiler: /usr/bin/c++ - skipped
[1.709s] -- Detecting CXX compile features
[1.710s] -- Detecting CXX compile features - done
[1.730s] -- Found ament_cmake: 1.3.12 (/opt/ros/humble/share/ament_cmake/cmake)
[2.974s] -- Found Python3: /usr/bin/python3 (found version "3.10.12") found components: Interpreter 
[3.161s] -- Found rclcpp: 16.0.17 (/opt/ros/humble/share/rclcpp/cmake)
[3.260s] -- Found rosidl_generator_c: 3.1.8 (/opt/ros/humble/share/rosidl_generator_c/cmake)
[3.267s] -- Found rosidl_adapter: 3.1.8 (/opt/ros/humble/share/rosidl_adapter/cmake)
[3.284s] -- Found rosidl_generator_cpp: 3.1.8 (/opt/ros/humble/share/rosidl_generator_cpp/cmake)
[3.317s] -- Using all available rosidl_typesupport_c: rosidl_typesupport_fastrtps_c;rosidl_typesupport_introspection_c
[3.344s] -- Using all available rosidl_typesupport_cpp: rosidl_typesupport_fastrtps_cpp;rosidl_typesupport_introspection_cpp
[3.452s] -- Found rmw_implementation_cmake: 6.1.2 (/opt/ros/humble/share/rmw_implementation_cmake/cmake)
[3.461s] -- Found rmw_fastrtps_cpp: 6.2.9 (/opt/ros/humble/share/rmw_fastrtps_cpp/cmake)
[3.631s] -- Found OpenSSL: /usr/lib/x86_64-linux-gnu/libcrypto.so (found version "3.0.2")  
[3.670s] -- Found FastRTPS: /opt/ros/humble/include  
[3.732s] -- Using RMW implementation 'rmw_fastrtps_cpp' as default
[3.743s] -- Looking for pthread.h
[3.874s] -- Looking for pthread.h - found
[3.875s] -- Performing Test CMAKE_HAVE_LIBC_PTHREAD
[4.000s] -- Performing Test CMAKE_HAVE_LIBC_PTHREAD - Success
[4.001s] -- Found Threads: TRUE  
[4.116s] -- Found sensor_msgs: 4.9.0 (/opt/ros/humble/share/sensor_msgs/cmake)
[4.181s] -- Found rclcpp_components: 16.0.17 (/opt/ros/humble/share/rclcpp_components/cmake)
[4.260s] -- Found cv_bridge: 3.2.1 (/opt/ros/humble/share/cv_bridge/cmake)
[4.289s] -- Found OpenCV: /usr (found version "4.5.4") found components: core videoio imgcodecs imgproc highgui objdetect face 
[4.290s] [33mCMake Warning at CMakeLists.txt:41 (message):
[4.290s]   
[4.290s]   根目录Config未找到：/home/hhc/family_robot_ws/src/video_face_move/config，运行时会自动创建
[4.290s] 
[4.291s] [0m
[4.307s] -- Found ament_lint_auto: 0.12.14 (/opt/ros/humble/share/ament_lint_auto/cmake)
[4.438s] -- Added test 'cppcheck' to perform static code analysis on C / C++ code
[4.439s] -- Configured cppcheck include dirs: /opt/2026_product/family_robot_ws/src/video_face_move/learn_compose/include;/opt/2026_product/family_robot_ws/src/video_face_move/learn_compose/include/learn_compose
[4.439s] -- Configured cppcheck exclude dirs and/or files: 
[4.440s] -- Added test 'lint_cmake' to check CMake code style
[4.442s] -- Added test 'uncrustify' to check C / C++ code style
[4.443s] -- Configured uncrustify additional arguments: 
[4.443s] -- Added test 'xmllint' to check XML markup files
[4.445s] -- 项目编译路径: /opt/2026_product/family_robot_ws/build/learn_compose
[4.445s] -- 安装路径: /opt/2026_product/family_robot_ws/install/learn_compose
[4.445s] -- Configuring done
[4.511s] -- Generating done
[4.538s] -- Build files have been written to: /opt/2026_product/family_robot_ws/build/learn_compose
[4.553s] Invoked command in '/opt/2026_product/family_robot_ws/build/learn_compose' returned '0': CMAKE_PREFIX_PATH=/opt/ros/humble /usr/bin/cmake /opt/2026_product/family_robot_ws/src/video_face_move/learn_compose -DCMAKE_INSTALL_PREFIX=/opt/2026_product/family_robot_ws/install/learn_compose
[4.556s] Invoking command in '/opt/2026_product/family_robot_ws/build/learn_compose': CMAKE_PREFIX_PATH=/opt/ros/humble /usr/bin/cmake --build /opt/2026_product/family_robot_ws/build/learn_compose -- -j4 -l4
[4.629s] [  8%] [32mBuilding CXX object CMakeFiles/talker_component.dir/src/talker.cpp.o[0m
[4.639s] [ 16%] [32mBuilding CXX object CMakeFiles/talker_node.dir/src/talker.cpp.o[0m
[4.651s] [ 25%] [32mBuilding CXX object CMakeFiles/listener_component.dir/src/listener.cpp.o[0m
[4.656s] [ 33%] [32mBuilding CXX object CMakeFiles/listener_node.dir/src/listener.cpp.o[0m
[20.566s] [ 41%] [32m[1mLinking CXX shared library libtalker_component.so[0m
[20.855s] [ 50%] [32m[1mLinking CXX executable talker_node[0m
[21.786s] [ 50%] Built target talker_component
[21.845s] [ 58%] [32mBuilding CXX object CMakeFiles/motion_detector_component.dir/src/motion_detector.cpp.o[0m
[22.791s] [ 58%] Built target talker_node
[22.899s] [ 66%] [32mBuilding CXX object CMakeFiles/motion_detector_node.dir/src/motion_detector.cpp.o[0m
[30.918s] [ 75%] [32m[1mLinking CXX executable listener_node[0m
[32.020s] [ 83%] [32m[1mLinking CXX shared library liblistener_component.so[0m
[33.103s] [ 83%] Built target listener_node
[33.375s] [ 83%] Built target listener_component
[42.394s] [ 91%] [32m[1mLinking CXX shared library libmotion_detector_component.so[0m
[43.261s] [ 91%] Built target motion_detector_component
[43.917s] [100%] [32m[1mLinking CXX executable motion_detector_node[0m
[44.977s] [100%] Built target motion_detector_node
[44.992s] Invoked command in '/opt/2026_product/family_robot_ws/build/learn_compose' returned '0': CMAKE_PREFIX_PATH=/opt/ros/humble /usr/bin/cmake --build /opt/2026_product/family_robot_ws/build/learn_compose -- -j4 -l4
[44.994s] Invoking command in '/opt/2026_product/family_robot_ws/build/learn_compose': CMAKE_PREFIX_PATH=/opt/ros/humble /usr/bin/cmake --install /opt/2026_product/family_robot_ws/build/learn_compose
[45.004s] -- Install configuration: ""
[45.004s] -- Installing: /opt/2026_product/family_robot_ws/install/learn_compose/lib/learn_compose/talker_node
[45.007s] -- Set runtime path of "/opt/2026_product/family_robot_ws/install/learn_compose/lib/learn_compose/talker_node" to ""
[45.007s] -- Installing: /opt/2026_product/family_robot_ws/install/learn_compose/lib/learn_compose/listener_node
[45.014s] -- Set runtime path of "/opt/2026_product/family_robot_ws/install/learn_compose/lib/learn_compose/listener_node" to ""
[45.014s] -- Installing: /opt/2026_product/family_robot_ws/install/learn_compose/lib/learn_compose/motion_detector_node
[45.021s] -- Set runtime path of "/opt/2026_product/family_robot_ws/install/learn_compose/lib/learn_compose/motion_detector_node" to ""
[45.021s] -- Installing: /opt/2026_product/family_robot_ws/install/learn_compose/lib/libtalker_component.so
[45.025s] -- Set runtime path of "/opt/2026_product/family_robot_ws/install/learn_compose/lib/libtalker_component.so" to ""
[45.025s] -- Installing: /opt/2026_product/family_robot_ws/install/learn_compose/lib/liblistener_component.so
[45.037s] -- Set runtime path of "/opt/2026_product/family_robot_ws/install/learn_compose/lib/liblistener_component.so" to ""
[45.037s] -- Installing: /opt/2026_product/family_robot_ws/install/learn_compose/lib/libmotion_detector_component.so
[45.050s] -- Set runtime path of "/opt/2026_product/family_robot_ws/install/learn_compose/lib/libmotion_detector_component.so" to ""
[45.050s] -- Installing: /opt/2026_product/family_robot_ws/install/learn_compose/include/learn_compose
[45.050s] -- Installing: /opt/2026_product/family_robot_ws/install/learn_compose/include/learn_compose/learn_compose
[45.051s] -- Installing: /opt/2026_product/family_robot_ws/install/learn_compose/include/learn_compose/learn_compose/listener.hpp
[45.051s] -- Installing: /opt/2026_product/family_robot_ws/install/learn_compose/include/learn_compose/learn_compose/motion_detector.hpp
[45.051s] -- Installing: /opt/2026_product/family_robot_ws/install/learn_compose/include/learn_compose/learn_compose/talker.hpp
[45.051s] -- Installing: /opt/2026_product/family_robot_ws/install/learn_compose/share/ament_index/resource_index/package_run_dependencies/learn_compose
[45.052s] -- Installing: /opt/2026_product/family_robot_ws/install/learn_compose/share/ament_index/resource_index/parent_prefix_path/learn_compose
[45.052s] -- Installing: /opt/2026_product/family_robot_ws/install/learn_compose/share/learn_compose/environment/ament_prefix_path.sh
[45.052s] -- Installing: /opt/2026_product/family_robot_ws/install/learn_compose/share/learn_compose/environment/ament_prefix_path.dsv
[45.052s] -- Installing: /opt/2026_product/family_robot_ws/install/learn_compose/share/learn_compose/environment/path.sh
[45.052s] -- Installing: /opt/2026_product/family_robot_ws/install/learn_compose/share/learn_compose/environment/path.dsv
[45.053s] -- Installing: /opt/2026_product/family_robot_ws/install/learn_compose/share/learn_compose/local_setup.bash
[45.053s] -- Installing: /opt/2026_product/family_robot_ws/install/learn_compose/share/learn_compose/local_setup.sh
[45.053s] -- Installing: /opt/2026_product/family_robot_ws/install/learn_compose/share/learn_compose/local_setup.zsh
[45.053s] -- Installing: /opt/2026_product/family_robot_ws/install/learn_compose/share/learn_compose/local_setup.dsv
[45.053s] -- Installing: /opt/2026_product/family_robot_ws/install/learn_compose/share/learn_compose/package.dsv
[45.054s] -- Installing: /opt/2026_product/family_robot_ws/install/learn_compose/share/ament_index/resource_index/packages/learn_compose
[45.054s] -- Installing: /opt/2026_product/family_robot_ws/install/learn_compose/share/ament_index/resource_index/rclcpp_components/learn_compose
[45.054s] -- Installing: /opt/2026_product/family_robot_ws/install/learn_compose/share/learn_compose/cmake/learn_composeConfig.cmake
[45.054s] -- Installing: /opt/2026_product/family_robot_ws/install/learn_compose/share/learn_compose/cmake/learn_composeConfig-version.cmake
[45.055s] -- Installing: /opt/2026_product/family_robot_ws/install/learn_compose/share/learn_compose/package.xml
[45.058s] Invoked command in '/opt/2026_product/family_robot_ws/build/learn_compose' returned '0': CMAKE_PREFIX_PATH=/opt/ros/humble /usr/bin/cmake --install /opt/2026_product/family_robot_ws/build/learn_compose
